step,loss,accuracy,threshold,ram_gb,phase,rounds
10,0.729276,0.481348,0.95,0.18,0,8
20,0.731101,0.480396,0.95,0.27,0,8
30,0.727883,0.487012,0.95,0.27,0,8
40,1.945760,0.493896,0.95,0.30,0,8
50,2.251789,0.495898,0.95,0.30,0,8
60,2.249242,0.496582,0.95,0.31,0,8
70,1.303819,0.567065,0.95,0.31,0,8
10,0.738519,0.505469,0.95,0.14,0,8
20,0.371304,0.249878,0.95,0.15,0,8
30,0.735712,0.508447,0.95,0.15,0,8
40,1.666457,0.495996,0.95,0.16,0,8
50,1.890392,0.495386,0.95,0.25,0,8
60,1.897883,0.493262,0.95,0.25,0,8
70,1.156873,0.564038,0.95,0.15,0,8
80,0.665307,0.603149,0.95,0.10,0,8
90,0.666835,0.598682,0.95,0.10,0,8
100,0.980925,0.569336,0.95,0.21,0,8
110,1.494145,0.501440,0.95,0.10,0,8
120,1.483987,0.502222,0.95,0.10,0,8
130,1.322659,0.525000,0.95,0.11,0,8
140,0.648554,0.622437,0.95,0.10,0,8
150,0.645809,0.626709,0.95,0.20,0,8
160,0.650651,0.621362,0.95,0.21,0,8
170,1.029188,0.494849,0.95,0.21,0,8
180,1.012537,0.505762,0.95,0.21,0,8
190,1.021402,0.499902,0.95,0.09,0,8
200,0.739133,0.560327,0.95,0.19,0,8
210,0.672542,0.574243,0.95,0.09,0,8
220,0.672250,0.575098,0.95,0.10,0,8
230,0.794873,0.534692,0.95,0.11,0,8
240,0.885030,0.502686,0.95,0.09,0,8
250,0.880809,0.506323,0.95,0.19,0,8
260,0.786021,0.557349,0.95,0.09,0,8
270,0.647108,0.622412,0.95,0.09,0,8
280,0.647637,0.622192,0.95,0.10,0,8
290,0.671629,0.615625,0.95,0.11,0,8
300,0.778592,0.577026,0.95,0.21,0,8
310,0.780418,0.568628,0.95,0.21,0,8
320,0.783367,0.568726,0.95,0.21,0,8
330,0.656238,0.629492,0.95,0.21,0,8
340,0.658526,0.625269,0.95,0.10,0,8
350,0.660167,0.621777,0.95,0.20,0,8
360,0.669155,0.578174,0.95,0.10,0,8
370,0.669729,0.571509,0.95,0.09,0,8
380,0.672569,0.566553,0.95,0.10,0,8
390,0.689710,0.552466,0.95,0.11,0,8
400,0.703757,0.542383,0.95,0.21,0,8
410,0.699041,0.548218,0.95,0.21,0,8
420,0.682817,0.569287,0.95,0.21,0,8
430,0.653977,0.609814,0.95,0.22,0,8
440,0.658611,0.603662,0.95,0.22,0,8
450,0.661165,0.603955,0.95,0.22,0,8
460,0.665622,0.592896,0.95,0.22,0,8
470,0.671590,0.589990,0.95,0.10,0,8
480,0.671752,0.588379,0.95,0.12,0,8
490,0.648219,0.621777,0.95,0.12,0,8
500,0.650631,0.619336,0.95,0.20,0,8
510,0.650262,0.618311,0.95,0.20,0,8
520,0.658055,0.596387,0.95,0.21,0,8
530,0.668355,0.583887,0.95,0.11,0,8
540,0.666379,0.587939,0.95,0.10,0,8
550,0.651592,0.609546,0.95,0.21,0,8
560,0.642704,0.625732,0.95,0.09,0,8
570,0.641716,0.626880,0.95,0.09,0,8
580,0.644663,0.621069,0.95,0.11,0,8
590,0.658854,0.599951,0.95,0.09,0,8
600,0.658194,0.606543,0.95,0.19,0,8
610,0.652305,0.612109,0.95,0.21,0,8
620,0.642316,0.629224,0.95,0.11,0,8
630,0.641773,0.625171,0.95,0.09,0,8
640,0.641463,0.626123,0.95,0.11,0,8
650,0.648809,0.616895,0.95,0.19,0,8
660,0.648195,0.619336,0.95,0.09,0,8
670,0.652203,0.612305,0.95,0.09,0,8
680,0.647429,0.619604,0.95,0.11,0,8
690,0.645900,0.619507,0.95,0.10,0,8
700,0.646402,0.620703,0.95,0.20,0,8
710,0.646557,0.620557,0.95,0.21,0,8
720,0.642791,0.625732,0.95,0.21,0,8
730,0.645021,0.624634,0.95,0.21,0,8
740,0.639562,0.631177,0.95,0.11,0,8
750,0.638612,0.631055,0.95,0.21,0,8
760,0.639623,0.628369,0.95,0.11,0,8
770,0.642061,0.628247,0.95,0.11,0,8
780,0.645559,0.627295,0.95,0.11,0,8
790,0.645284,0.627026,0.95,0.11,0,8
800,0.643396,0.633447,0.95,0.21,0,8
810,0.635154,0.636523,0.95,0.09,0,8
820,0.636340,0.634131,0.95,0.09,0,8
830,0.639113,0.629419,0.95,0.09,0,8
840,0.643302,0.630566,0.95,0.11,0,8
850,0.643608,0.629590,0.95,0.21,0,8
860,0.646500,0.627393,0.95,0.21,0,8
870,0.639845,0.630713,0.95,0.11,0,8
880,0.630308,0.637378,0.95,0.11,0,8
890,0.637650,0.632349,0.95,0.11,0,8
900,0.634315,0.637964,0.95,0.21,0,8
910,0.642451,0.626123,0.95,0.21,0,8
920,0.643110,0.625562,0.95,0.11,0,8
930,0.640448,0.629614,0.95,0.11,0,8
940,0.633411,0.637695,0.95,0.11,0,8
950,0.635733,0.634473,0.95,0.21,0,8
960,0.632586,0.636890,0.95,0.21,0,8
970,0.638325,0.636963,0.95,0.11,0,8
980,0.640846,0.633228,0.95,0.11,0,8
990,0.639942,0.635693,0.95,0.09,0,8
1000,0.633267,0.639062,0.95,0.19,0,8
1010,0.632547,0.639917,0.95,0.09,0,8
1020,0.628875,0.644165,0.95,0.09,0,8
1030,0.633980,0.637280,0.95,0.11,0,8
1040,0.633321,0.637402,0.95,0.19,0,8
1050,0.634952,0.636206,0.95,0.19,0,8
1060,0.628303,0.646021,0.95,0.09,0,8
1070,0.626506,0.646313,0.95,0.09,0,8
1080,0.627438,0.645117,0.95,0.09,0,8
1090,0.629846,0.640649,0.95,0.11,0,8
1100,0.627441,0.638745,0.95,0.21,0,8
1110,0.629518,0.637183,0.95,0.21,0,8
1120,0.632655,0.633130,0.95,0.21,0,8
1130,0.625815,0.644116,0.95,0.21,0,8
1140,0.626875,0.643823,0.95,0.22,0,8
1150,0.629976,0.640649,0.95,0.22,0,8
1160,0.628720,0.638696,0.95,0.22,0,8
1170,0.629854,0.640234,0.95,0.22,0,8
1180,0.629367,0.638940,0.95,0.22,0,8
1190,0.627591,0.643213,0.95,0.12,0,8
1200,0.622793,0.647241,0.95,0.19,0,8
1210,0.624241,0.643579,0.95,0.19,0,8
1220,0.625765,0.644263,0.95,0.21,0,8
1230,0.627684,0.641772,0.95,0.21,0,8
1240,0.626150,0.640796,0.95,0.21,0,8
1250,0.623302,0.646460,0.95,0.21,0,8
1260,0.626508,0.640381,0.95,0.21,0,8
1270,0.624030,0.643628,0.95,0.22,0,8
1280,0.621887,0.647534,0.95,0.22,0,8
1290,0.622816,0.648730,0.95,0.21,0,8
1300,0.621828,0.646973,0.95,0.21,0,8
1310,0.625938,0.645825,0.95,0.21,0,8
1320,0.622650,0.648804,0.95,0.22,0,8
1330,0.621642,0.648120,0.95,0.22,0,8
1340,0.620365,0.650977,0.95,0.22,0,8
1350,0.622130,0.647583,0.95,0.22,0,8
1360,0.621020,0.648364,0.95,0.22,0,8
1370,0.620300,0.647998,0.95,0.23,0,8
1380,0.615268,0.655713,0.95,0.23,0,8
1390,0.618852,0.651636,0.95,0.23,0,8
1400,0.619388,0.651147,0.95,0.23,0,8
1410,0.616224,0.653760,0.95,0.23,0,8
1420,0.619094,0.650732,0.95,0.24,0,8
1430,0.616065,0.657129,0.95,0.24,0,8
1440,0.617244,0.651563,0.95,0.24,0,8
1450,0.616689,0.653003,0.95,0.20,0,8
1460,0.619037,0.649072,0.95,0.20,0,8
1470,0.617491,0.653198,0.95,0.21,0,8
1480,0.609738,0.658105,0.95,0.22,0,8
1490,0.615055,0.654712,0.95,0.22,0,8
1500,0.617471,0.649146,0.95,0.22,0,8
1510,0.615806,0.653662,0.95,0.22,0,8
1520,0.613881,0.655566,0.95,0.22,0,8
1530,0.616257,0.652539,0.95,0.22,0,8
1540,0.613105,0.654590,0.95,0.21,0,8
1550,0.612482,0.658618,0.95,0.21,0,8
1560,0.611218,0.658423,0.95,0.21,0,8
1570,0.612628,0.656030,0.95,0.21,0,8
1580,0.613095,0.655542,0.95,0.15,0,8
1590,0.613630,0.655420,0.95,0.15,0,8
1600,0.611940,0.659473,0.95,0.21,0,8
1610,0.609173,0.661743,0.95,0.21,0,8
1620,0.609820,0.662988,0.95,0.22,0,8
1630,0.609421,0.661743,0.95,0.22,0,8
1640,0.607885,0.664795,0.95,0.21,0,8
1650,0.605080,0.663208,0.95,0.21,0,8
1660,0.612037,0.658496,0.95,0.20,0,8
1670,0.607105,0.663550,0.95,0.21,0,8
1680,0.604919,0.664819,0.95,0.11,0,8
1690,0.607764,0.660083,0.95,0.10,0,8
1700,0.606846,0.663037,0.95,0.21,0,8
1710,0.603823,0.667700,0.95,0.20,0,8
1720,0.605335,0.666870,0.95,0.20,0,8
1730,0.603714,0.663843,0.95,0.11,0,8
1740,0.608087,0.658691,0.95,0.11,0,8
1750,0.607291,0.659961,0.95,0.20,0,8
1760,0.608307,0.660840,0.95,0.21,0,8
1770,0.603490,0.665723,0.95,0.21,0,8
1780,0.602565,0.668237,0.95,0.21,0,8
1790,0.601113,0.670312,0.95,0.21,0,8
1800,0.605708,0.662085,0.95,0.22,0,8
1810,0.601032,0.668311,0.95,0.22,0,8
1820,0.600601,0.664087,0.95,0.18,0,8
1830,0.602290,0.666431,0.95,0.19,0,8
1840,0.594729,0.674634,0.95,0.19,0,8
1850,0.602761,0.668237,0.95,0.21,0,8
1860,0.602865,0.662866,0.95,0.21,0,8
1870,0.604875,0.662061,0.95,0.15,0,8
1880,0.602565,0.661475,0.95,0.13,0,8
1890,0.601791,0.662451,0.95,0.11,0,8
1900,0.599667,0.669067,0.95,0.21,0,8
1910,0.598012,0.670410,0.95,0.21,0,8
1920,0.599544,0.669482,0.95,0.11,0,8
1930,0.602260,0.660962,0.95,0.11,0,8
1940,0.606645,0.658643,0.95,0.11,0,8
1950,0.601136,0.662598,0.95,0.21,0,8
1960,0.598058,0.667236,0.95,0.20,0,8
1970,0.598849,0.668408,0.95,0.09,0,8
1980,0.594890,0.670410,0.95,0.09,0,8
1990,0.598527,0.667798,0.95,0.11,0,8
2000,0.595171,0.665601,0.95,0.19,0,8
2010,0.602317,0.660352,0.95,0.09,0,8
2020,0.591733,0.672607,0.95,0.11,0,8
2030,0.594503,0.670752,0.95,0.11,0,8
2040,0.598545,0.668018,0.95,0.21,0,8
2050,0.593429,0.675586,0.95,0.21,0,8
2060,0.594204,0.669385,0.95,0.11,0,8
2070,0.593212,0.669824,0.95,0.09,0,8
2080,0.595588,0.668579,0.95,0.11,0,8
2090,0.591616,0.675317,0.95,0.11,0,8
2100,0.589342,0.676050,0.95,0.21,0,8
2110,0.591244,0.675317,0.95,0.20,0,8
2120,0.594838,0.667773,0.95,0.21,0,8
2130,0.597031,0.664746,0.95,0.21,0,8
2140,0.596969,0.664062,0.95,0.10,0,8
2150,0.591895,0.674219,0.95,0.21,0,8
2160,0.589323,0.673804,0.95,0.21,0,8
2170,0.587044,0.679053,0.95,0.21,0,8
2180,0.590929,0.673999,0.95,0.21,0,8
2190,0.596123,0.666431,0.95,0.21,0,8
2200,0.593636,0.669482,0.95,0.20,0,8
2210,0.595343,0.665430,0.95,0.21,0,8
2220,0.586788,0.676709,0.95,0.21,0,8
2230,0.582990,0.681689,0.95,0.21,0,8
2240,0.584727,0.681616,0.95,0.21,0,8
2250,0.592501,0.667603,0.95,0.21,0,8
2260,0.591369,0.669995,0.95,0.22,0,8
2270,0.591680,0.669092,0.95,0.22,0,8
2280,0.582603,0.680151,0.95,0.22,0,8
2290,0.579075,0.682593,0.95,0.22,0,8
2300,0.584164,0.680469,0.95,0.22,0,8
2310,0.587194,0.673584,0.95,0.22,0,8
2320,0.591915,0.669629,0.95,0.22,0,8
2330,0.592809,0.669824,0.95,0.22,0,8
2340,0.590813,0.671680,0.95,0.11,0,8
2350,0.581339,0.681934,0.95,0.19,0,8
2360,0.579461,0.685767,0.95,0.20,0,8
2370,0.582008,0.683960,0.95,0.21,0,8
2380,0.589481,0.673120,0.95,0.11,0,8
2390,0.589960,0.670288,0.95,0.09,0,8
2400,0.585517,0.675000,0.95,0.21,0,8
2410,0.580878,0.680786,0.95,0.21,0,8
2420,0.575302,0.687427,0.95,0.21,0,8
2430,0.580399,0.682739,0.95,0.21,0,8
2440,0.584372,0.675659,0.95,0.11,0,8
2450,0.584356,0.674927,0.95,0.21,0,8
2460,0.581302,0.677588,0.95,0.21,0,8
2470,0.581278,0.678003,0.95,0.21,0,8
2480,0.574105,0.689673,0.95,0.09,0,8
2490,0.575964,0.687988,0.95,0.10,0,8
2500,0.580885,0.680054,0.95,0.21,0,8
2510,0.584316,0.674731,0.95,0.19,0,8
2520,0.582298,0.676685,0.95,0.09,0,8
2530,0.580113,0.681226,0.95,0.10,0,8
2540,0.574436,0.683691,0.95,0.21,0,8
2550,0.571623,0.688525,0.95,0.19,0,8
2560,0.571858,0.689355,0.95,0.10,0,8
2570,0.583642,0.676025,0.95,0.11,0,8
2580,0.577821,0.679785,0.95,0.11,0,8
2590,0.582756,0.675220,0.95,0.11,0,8
2600,0.569064,0.691919,0.95,0.21,0,8
2610,0.569374,0.689600,0.95,0.21,0,8
2620,0.569468,0.688647,0.95,0.22,0,8
2630,0.576077,0.683936,0.95,0.21,0,8
2640,0.576594,0.681104,0.95,0.21,0,8
2650,0.579403,0.679224,0.95,0.21,0,8
2660,0.569707,0.691797,0.95,0.21,0,8
2670,0.568832,0.690356,0.95,0.22,0,8
2680,0.569887,0.688281,0.95,0.22,0,8
2690,0.568454,0.689307,0.95,0.21,0,8
2700,0.579261,0.676953,0.95,0.21,0,8
2710,0.575885,0.683276,0.95,0.21,0,8
2720,0.574346,0.682520,0.95,0.21,0,8
2730,0.567886,0.689355,0.95,0.21,0,8
2740,0.567800,0.689917,0.95,0.21,0,8
2750,0.561616,0.695215,0.95,0.21,0,8
2760,0.571772,0.688013,0.95,0.21,0,8
2770,0.577264,0.679663,0.95,0.21,0,8
2780,0.571116,0.686548,0.95,0.21,0,8
2790,0.568872,0.687085,0.95,0.22,0,8
2800,0.561508,0.695264,0.95,0.22,0,8
2810,0.562714,0.693652,0.95,0.22,0,8
2820,0.566729,0.689795,0.95,0.22,0,8
2830,0.570121,0.685229,0.95,0.22,0,8
3010,0.555301,0.698657,0.95,0.08,0,8
3020,0.556794,0.694385,0.95,0.15,0,8
3030,0.560804,0.690918,0.95,0.25,0,8
3040,0.562071,0.692896,0.95,0.17,0,8
3050,0.553028,0.700610,0.95,0.19,0,8
10,0.732015,0.502905,0.95,0.27,0,8
20,0.732325,0.502051,0.95,0.27,0,8
30,0.733656,0.499121,0.95,0.15,0,8
10,0.714171,0.490015,0.95,0.60,0,8
20,0.714176,0.487378,0.95,0.60,0,8
30,0.711875,0.495972,0.95,0.61,0,8
40,1.464306,0.497241,0.95,0.63,0,8
50,1.656185,0.498682,0.95,0.63,0,8
60,1.659415,0.498462,0.95,0.63,0,8
10,0.714345,0.494775,0.95,0.60,0,8
20,0.713560,0.494849,0.95,0.60,0,8
10,0.712502,0.508350,0.95,0.60,0,8
10,0.705461,0.511597,0.95,0.60,0,8
10,0.712675,0.462866,0.95,0.46,0,8
10,0.707777,0.510059,0.95,0.46,0,8
10,0.708651,0.511084,0.95,0.24,0,8
10,0.695782,0.529687,0.95,0.14,0,8
20,0.696984,0.531519,0.95,0.14,0,8
30,0.695077,0.534009,0.95,0.14,0,8
40,3.023474,0.512085,0.95,0.14,0,8
50,3.692718,0.496094,0.95,0.24,0,8
60,3.621234,0.505542,0.95,0.08,0,8
20,0.070470,0.048389,0.95,0.08,0,8
30,0.703432,0.488721,0.95,0.08,0,8
40,2.616464,0.498120,0.95,0.08,0,8
50,3.103669,0.495215,0.95,0.18,0,8
60,3.107614,0.494678,0.95,0.07,0,8
70,1.807191,0.537866,0.95,0.04,0,8
20,0.070765,0.047046,0.95,0.07,0,8
30,0.562461,0.390918,0.95,0.05,0,8
40,2.294682,0.499097,0.95,0.05,0,8
50,2.703094,0.495825,0.95,0.15,0,8
60,2.672597,0.502734,0.95,0.03,0,8
70,1.878505,0.520703,0.95,0.03,0,8
80,1.320368,0.536548,0.95,0.05,0,8
90,1.328476,0.536328,0.95,0.07,0,8
100,1.502309,0.522803,0.95,0.17,0,8
110,1.745607,0.498120,0.95,0.03,0,8
120,1.732260,0.500439,0.95,0.03,0,8
130,1.576009,0.512378,0.95,0.06,0,8
140,0.921793,0.565674,0.95,0.04,0,8
150,0.916319,0.568726,0.95,0.17,0,8
160,0.919849,0.566187,0.95,0.09,0,8
170,1.271635,0.504419,0.95,0.07,0,8
180,1.268071,0.506689,0.95,0.05,0,8
190,1.282894,0.500317,0.95,0.04,0,8
30,0.562227,0.391968,0.95,0.04,0,8
10,0.704961,0.507715,0.80,1.09,0,8
20,0.708152,0.497998,0.80,1.09,0,8
30,0.565730,0.399854,0.80,0.21,0,8
40,0.706629,0.501416,0.80,0.11,0,8
50,0.702910,0.513623,0.80,0.20,0,8
60,0.707040,0.506152,0.80,0.08,0,8
70,1.811049,0.499902,0.80,0.10,0,8
80,2.497196,0.506787,0.80,0.20,0,8
90,2.532618,0.498828,0.80,0.10,0,8
100,2.585591,0.487549,0.80,0.20,0,8
110,2.538216,0.498193,0.80,0.10,0,8
120,2.536462,0.498193,0.80,0.10,0,8
130,2.134253,0.524609,0.80,0.21,0,8
140,0.661409,0.610986,0.80,0.10,0,8
150,0.659339,0.611230,0.80,0.20,0,8
160,0.663419,0.606006,0.80,0.10,0,8
170,0.665978,0.598535,0.80,0.10,0,8
180,0.666540,0.600049,0.80,0.20,0,8
190,0.667480,0.596777,0.80,0.09,0,8
200,1.545495,0.525195,0.80,0.20,0,8
210,1.778414,0.498242,0.80,0.10,0,8
220,1.745786,0.508887,0.80,0.10,0,8
230,1.790440,0.495361,0.80,0.20,0,8
240,1.743798,0.510693,0.80,0.20,0,8
250,1.777801,0.496924,0.80,0.20,0,8
260,1.264654,0.566553,0.80,0.22,0,8
270,0.640647,0.634473,0.80,0.12,0,8
280,0.641426,0.623047,0.80,0.20,0,8
290,0.645194,0.618555,0.80,0.20,0,8
300,0.643285,0.625977,0.80,0.20,0,8
310,0.643094,0.624365,0.80,0.10,0,8
320,0.641264,0.627734,0.80,0.10,0,8
330,0.834154,0.606201,0.80,0.20,0,8
340,0.839556,0.607080,0.80,0.10,0,8
350,0.839978,0.600342,0.80,0.20,0,8
360,0.831349,0.612305,0.80,0.10,0,8
370,0.842821,0.606152,0.80,0.09,0,8
380,0.848369,0.601123,0.80,0.16,0,8
390,1.102428,0.545215,0.80,0.10,0,8
400,1.288605,0.500928,0.80,0.19,0,8
410,1.273778,0.509521,0.80,0.10,0,8
420,1.241972,0.517627,0.80,0.10,0,8
430,1.287096,0.499121,0.80,0.08,0,8
440,1.267848,0.505664,0.80,0.09,0,8
450,1.120212,0.543115,0.80,0.21,0,8
460,0.696916,0.608984,0.80,0.09,0,8
470,0.684592,0.616650,0.80,0.10,0,8
480,0.696654,0.611963,0.80,0.20,0,8
490,0.685791,0.623584,0.80,0.10,0,8
500,0.691821,0.613428,0.80,0.19,0,8
510,0.698442,0.609277,0.80,0.10,0,8
520,0.874512,0.525537,0.80,0.08,0,8
530,0.924387,0.499463,0.80,0.10,0,8
540,0.929074,0.494873,0.80,0.09,0,8
550,0.930530,0.496338,0.80,0.19,0,8
560,0.922455,0.499609,0.80,0.10,0,8
570,0.922211,0.500928,0.80,0.10,0,8
580,0.819219,0.538965,0.80,0.22,0,8
590,0.658611,0.612061,0.80,0.22,0,8
600,0.662671,0.604248,0.80,0.22,0,8
610,0.661561,0.605078,0.80,0.22,0,8
620,0.655710,0.613721,0.80,0.23,0,8
630,0.663704,0.606445,0.80,0.23,0,8
640,0.660712,0.608936,0.80,0.23,0,8
650,0.812965,0.528857,0.80,0.23,0,8
660,0.802786,0.543750,0.80,0.24,0,8
670,0.817912,0.535840,0.80,0.24,0,8
680,0.806494,0.540625,0.80,0.24,0,8
690,0.802597,0.549121,0.80,0.22,0,8
700,0.806788,0.543213,0.80,0.22,0,8
710,0.726523,0.584961,0.80,0.22,0,8
720,0.657585,0.620215,0.80,0.22,0,8
730,0.651511,0.626563,0.80,0.22,0,8
740,0.652042,0.622412,0.80,0.22,0,8
750,0.653066,0.625977,0.80,0.23,0,8
760,0.655551,0.624414,0.80,0.23,0,8
770,0.667281,0.605664,0.80,0.23,0,8
780,0.728623,0.523193,0.80,0.24,0,8
790,0.721438,0.526953,0.80,0.24,0,8
800,0.723053,0.526416,0.80,0.24,0,8
810,0.716789,0.533936,0.80,0.22,0,8
820,0.720027,0.529346,0.80,0.22,0,8
830,0.711577,0.541113,0.80,0.22,0,8
840,0.672709,0.588281,0.80,0.23,0,8
850,0.657502,0.605176,0.80,0.23,0,8
860,0.660717,0.601562,0.80,0.23,0,8
870,0.659044,0.603467,0.80,0.24,0,8
880,0.659791,0.601953,0.80,0.24,0,8
890,0.654823,0.609375,0.80,0.24,0,8
900,0.677270,0.585693,0.80,0.24,0,8
910,0.693678,0.579639,0.80,0.24,0,8
920,0.679130,0.595068,0.80,0.25,0,8
930,0.680225,0.594873,0.80,0.25,0,8
940,0.687731,0.587988,0.80,0.25,0,8
950,0.687500,0.584570,0.80,0.25,0,8
960,0.695471,0.581250,0.80,0.26,0,8
970,0.648545,0.618018,0.80,0.26,0,8
980,0.647560,0.623047,0.80,0.23,0,8
990,0.647220,0.620654,0.80,0.24,0,8
1000,0.638654,0.630127,0.80,0.24,0,8
1010,0.652271,0.617383,0.80,0.23,0,8
1020,0.648841,0.619043,0.80,0.23,0,8
1030,0.660856,0.599854,0.80,0.23,0,8
1040,0.668462,0.593408,0.80,0.23,0,8
1050,0.678070,0.581592,0.80,0.23,0,8
1060,0.676706,0.579248,0.80,0.24,0,8
1070,0.669727,0.588379,0.80,0.24,0,8
1080,0.673366,0.586279,0.80,0.24,0,8
1090,0.670639,0.593018,0.80,0.24,0,8
1100,0.641589,0.630762,0.80,0.25,0,8
1110,0.635592,0.630908,0.80,0.25,0,8
1120,0.636612,0.634961,0.80,0.25,0,8
1130,0.644427,0.621191,0.80,0.25,0,8
1140,0.639229,0.630762,0.80,0.26,0,8
1150,0.639425,0.631152,0.80,0.26,0,8
1160,0.655486,0.618164,0.80,0.26,0,8
1170,0.659815,0.617480,0.80,0.26,0,8
1180,0.667299,0.611670,0.80,0.27,0,8
1190,0.664031,0.614551,0.80,0.27,0,8
1200,0.661466,0.618164,0.80,0.27,0,8
1210,0.662433,0.617676,0.80,0.23,0,8
1220,0.649197,0.628809,0.80,0.23,0,8
1230,0.635370,0.635107,0.80,0.24,0,8
1240,0.635444,0.633154,0.80,0.24,0,8
1250,0.641526,0.625488,0.80,0.24,0,8
1260,0.637584,0.629834,0.80,0.24,0,8
1270,0.638533,0.629883,0.80,0.25,0,8
1280,0.642083,0.626660,0.80,0.25,0,8
1290,0.664303,0.622168,0.80,0.25,0,8
1300,0.658039,0.626904,0.80,0.25,0,8
1310,0.663935,0.617969,0.80,0.23,0,8
1320,0.656526,0.627441,0.80,0.24,0,8
1330,0.660262,0.623047,0.80,0.25,0,8
1340,0.657632,0.625879,0.80,0.26,0,8
1350,0.644320,0.629395,0.80,0.26,0,8
1360,0.637601,0.635596,0.80,0.26,0,8
1370,0.633542,0.637891,0.80,0.26,0,8
1380,0.635452,0.633594,0.80,0.27,0,8
1390,0.637059,0.632812,0.80,0.27,0,8
1400,0.633387,0.637549,0.80,0.27,0,8
1410,0.642344,0.636914,0.80,0.27,0,8
1420,0.673434,0.635156,0.80,0.28,0,8
1430,0.662932,0.643262,0.80,0.28,0,8
1440,0.670317,0.632373,0.80,0.23,0,8
1450,0.667990,0.636621,0.80,0.23,0,8
1460,0.675201,0.629736,0.80,0.23,0,8
1470,0.663472,0.639746,0.80,0.23,0,8
1480,0.655155,0.621338,0.80,0.24,0,8
1490,0.645033,0.620020,0.80,0.24,0,8
1500,0.648870,0.618408,0.80,0.24,0,8
1510,0.646444,0.620898,0.80,0.23,0,8
1520,0.648350,0.616260,0.80,0.23,0,8
1530,0.646414,0.622021,0.80,0.23,0,8
1540,0.641159,0.631787,0.80,0.24,0,8
1550,0.643891,0.631543,0.80,0.24,0,8
1560,0.639324,0.631152,0.80,0.24,0,8
1570,0.637226,0.634473,0.80,0.24,0,8
1580,0.641986,0.635449,0.80,0.25,0,8
1590,0.643058,0.630615,0.80,0.25,0,8
1600,0.638308,0.636377,0.80,0.25,0,8
1610,0.646539,0.623096,0.80,0.17,0,8
1620,0.639064,0.635205,0.80,0.16,0,8
1630,0.647533,0.619775,0.80,0.23,0,8
1640,0.644230,0.625684,0.80,0.23,0,8
1650,0.642202,0.631055,0.80,0.23,0,8
1660,0.642143,0.632568,0.80,0.23,0,8
1670,0.636329,0.635205,0.80,0.24,0,8
1680,0.638990,0.629492,0.80,0.24,0,8
1690,0.634309,0.636084,0.80,0.23,0,8
1700,0.635041,0.632666,0.80,0.24,0,8
1710,0.636383,0.631055,0.80,0.22,0,8
1720,0.638513,0.632178,0.80,0.23,0,8
1730,0.638633,0.631543,0.80,0.23,0,8
1740,0.640877,0.632178,0.80,0.23,0,8
1750,0.634729,0.637207,0.80,0.23,0,8
1760,0.641775,0.626270,0.80,0.24,0,8
1770,0.635268,0.637207,0.80,0.24,0,8
1780,0.634938,0.637354,0.80,0.24,0,8
1790,0.634660,0.632812,0.80,0.24,0,8
1800,0.637633,0.632666,0.80,0.25,0,8
1810,0.638371,0.629297,0.80,0.24,0,8
1820,0.631607,0.640625,0.80,0.25,0,8
1830,0.635490,0.636279,0.80,0.25,0,8
1840,0.627473,0.640186,0.80,0.25,0,8
1850,0.632881,0.638574,0.80,0.25,0,8
1860,0.636881,0.637061,0.80,0.26,0,8
1870,0.635326,0.643457,0.80,0.26,0,8
1880,0.634138,0.641895,0.80,0.26,0,8
1890,0.635260,0.638623,0.80,0.26,0,8
1900,0.637149,0.636377,0.80,0.27,0,8
1910,0.636066,0.641650,0.80,0.27,0,8
1920,0.630724,0.646631,0.80,0.27,0,8
1930,0.625485,0.644385,0.80,0.27,0,8
1940,0.628177,0.640088,0.80,0.28,0,8
1950,0.630340,0.642969,0.80,0.27,0,8
1960,0.630089,0.639746,0.80,0.27,0,8
1970,0.631779,0.636621,0.80,0.27,0,8
1980,0.631422,0.634863,0.80,0.27,0,8
1990,0.628915,0.643848,0.80,0.28,0,8
2000,0.637483,0.638916,0.80,0.28,0,8
2010,0.633424,0.643115,0.80,0.15,0,8
2020,0.631308,0.644775,0.80,0.15,0,8
2030,0.635569,0.639404,0.80,0.15,0,8
2040,0.633289,0.643359,0.80,0.24,0,8
2050,0.634719,0.637354,0.80,0.24,0,8
2060,0.622366,0.648682,0.80,0.24,0,8
2070,0.621303,0.647803,0.80,0.25,0,8
2080,0.624976,0.641846,0.80,0.25,0,8
2090,0.629501,0.641309,0.80,0.25,0,8
2100,0.626630,0.642285,0.80,0.25,0,8
2110,0.624713,0.646875,0.80,0.26,0,8
2120,0.633520,0.643213,0.80,0.26,0,8
2130,0.632155,0.648242,0.80,0.26,0,8
2140,0.633071,0.645898,0.80,0.26,0,8
2150,0.630499,0.645068,0.80,0.27,0,8
2160,0.630553,0.646387,0.80,0.27,0,8
2170,0.633416,0.645947,0.80,0.27,0,8
2180,0.627642,0.647070,0.80,0.27,0,8
2190,0.619580,0.649316,0.80,0.28,0,8
2200,0.623055,0.645410,0.80,0.28,0,8
2210,0.622192,0.646338,0.80,0.28,0,8
2220,0.625092,0.646826,0.80,0.28,0,8
2230,0.621794,0.648438,0.80,0.29,0,8
2240,0.621915,0.645801,0.80,0.29,0,8
2250,0.631184,0.648584,0.80,0.29,0,8
2260,0.631752,0.645898,0.80,0.29,0,8
2270,0.630006,0.649219,0.80,0.30,0,8
2280,0.629334,0.650586,0.80,0.30,0,8
2290,0.632265,0.649854,0.80,0.30,0,8
2300,0.625999,0.653223,0.80,0.30,0,8
2310,0.621139,0.653613,0.80,0.31,0,8
2320,0.617946,0.654004,0.80,0.31,0,8
2330,0.620660,0.649561,0.80,0.31,0,8
2340,0.616280,0.654785,0.80,0.31,0,8
2350,0.625431,0.644727,0.80,0.31,0,8
2360,0.614859,0.652539,0.80,0.32,0,8
2370,0.619989,0.653760,0.80,0.32,0,8
2380,0.627104,0.654053,0.80,0.32,0,8
2390,0.627367,0.648926,0.80,0.32,0,8
2400,0.631456,0.645947,0.80,0.32,0,8
2410,0.626178,0.659326,0.80,0.32,0,8
2420,0.627746,0.651416,0.80,0.32,0,8
2430,0.628521,0.648535,0.80,0.33,0,8
2440,0.619379,0.652490,0.80,0.33,0,8
2450,0.618191,0.656299,0.80,0.33,0,8
2460,0.620115,0.648340,0.80,0.33,0,8
2470,0.615607,0.653174,0.80,0.34,0,8
2480,0.613288,0.654980,0.80,0.34,0,8
2490,0.618408,0.653174,0.80,0.34,0,8
2500,0.617628,0.654785,0.80,0.34,0,8
2510,0.621341,0.661084,0.80,0.15,0,8
2520,0.623175,0.653174,0.80,0.15,0,8
2530,0.628936,0.649463,0.80,0.15,0,8
2540,0.625425,0.649512,0.80,0.24,0,8
2550,0.620382,0.659521,0.80,0.24,0,8
2560,0.624215,0.653027,0.80,0.24,0,8
2570,0.614079,0.655371,0.80,0.25,0,8
2580,0.605822,0.664062,0.80,0.25,0,8
2590,0.607507,0.664844,0.80,0.25,0,8
2600,0.610000,0.659082,0.80,0.25,0,8
2610,0.611242,0.656396,0.80,0.26,0,8
2620,0.611749,0.657617,0.80,0.26,0,8
2630,0.616884,0.655371,0.80,0.26,0,8
2640,0.615286,0.656494,0.80,0.26,0,8
2650,0.619173,0.659668,0.80,0.27,0,8
2660,0.619191,0.654004,0.80,0.27,0,8
2670,0.618684,0.659863,0.80,0.27,0,8
2680,0.621250,0.652148,0.80,0.27,0,8
2690,0.617963,0.656494,0.80,0.28,0,8
2700,0.608338,0.659961,0.80,0.28,0,8
2710,0.606359,0.664893,0.80,0.28,0,8
2720,0.606126,0.665137,0.80,0.28,0,8
2730,0.610744,0.658887,0.80,0.29,0,8
2740,0.606940,0.661865,0.80,0.29,0,8
2750,0.609775,0.654932,0.80,0.29,0,8
2760,0.613689,0.659131,0.80,0.29,0,8
2770,0.612810,0.666113,0.80,0.30,0,8
2780,0.618077,0.652490,0.80,0.30,0,8
2790,0.616608,0.653027,0.80,0.30,0,8
2800,0.615373,0.659131,0.80,0.30,0,8
2810,0.612393,0.663770,0.80,0.31,0,8
2820,0.607418,0.662500,0.80,0.31,0,8
2830,0.602361,0.665771,0.80,0.31,0,8
2840,0.604791,0.661182,0.80,0.31,0,8
2850,0.603937,0.661084,0.80,0.32,0,8
2860,0.602971,0.667041,0.80,0.32,0,8
2870,0.610684,0.658105,0.80,0.32,0,8
2880,0.602923,0.664453,0.80,0.32,0,8
2890,0.616057,0.652197,0.80,0.32,0,8
2900,0.611197,0.654639,0.80,0.33,0,8
2910,0.611022,0.660986,0.80,0.33,0,8
2920,0.609945,0.657568,0.80,0.33,0,8
2930,0.612255,0.654297,0.80,0.33,0,8
2940,0.609836,0.661572,0.80,0.33,0,8
2950,0.610465,0.661768,0.80,0.34,0,8
2960,0.598949,0.666846,0.80,0.34,0,8
2970,0.594809,0.675244,0.80,0.34,0,8
2980,0.603444,0.662598,0.80,0.35,0,8
2990,0.601482,0.666895,0.80,0.35,0,8
3000,0.600687,0.669775,0.80,0.35,0,8
3010,0.602202,0.662646,0.80,0.15,0,8
3020,0.606407,0.660059,0.80,0.15,0,8
3030,0.607855,0.658838,0.80,0.15,0,8
3040,0.605364,0.664209,0.80,0.24,0,8
3050,0.604750,0.660498,0.80,0.24,0,8
3060,0.610594,0.658057,0.80,0.24,0,8
3070,0.611039,0.656055,0.80,0.25,0,8
3080,0.592693,0.675928,0.80,0.25,0,8
3090,0.598390,0.669238,0.80,0.25,0,8
3100,0.596368,0.672314,0.80,0.26,0,8
3110,0.600765,0.664502,0.80,0.26,0,8
3120,0.595206,0.672852,0.80,0.26,0,8
3130,0.595414,0.674756,0.80,0.26,0,8
3140,0.596047,0.675098,0.80,0.27,0,8
3150,0.603027,0.665723,0.80,0.27,0,8
3160,0.603235,0.667090,0.80,0.27,0,8
3170,0.602224,0.670215,0.80,0.27,0,8
3180,0.601384,0.666602,0.80,0.27,0,8
3190,0.602647,0.664941,0.80,0.28,0,8
3200,0.601671,0.668164,0.80,0.28,0,8
3210,0.595842,0.673242,0.80,0.28,0,8
3220,0.590689,0.679004,0.80,0.28,0,8
3230,0.585843,0.677393,0.80,0.29,0,8
3240,0.591028,0.673633,0.80,0.29,0,8
3250,0.597725,0.669336,0.80,0.29,0,8
3260,0.584640,0.679395,0.80,0.29,0,8
3270,0.599166,0.664502,0.80,0.30,0,8
3280,0.593702,0.670117,0.80,0.30,0,8
3290,0.598412,0.663037,0.80,0.30,0,8
3300,0.597635,0.664453,0.80,0.30,0,8
3310,0.597956,0.660596,0.80,0.31,0,8
3320,0.594339,0.668359,0.80,0.31,0,8
3330,0.598392,0.664941,0.80,0.31,0,8
3340,0.587777,0.677930,0.80,0.31,0,8
3350,0.582473,0.681348,0.80,0.32,0,8
3360,0.581732,0.680957,0.80,0.25,0,8
3370,0.586975,0.676123,0.80,0.25,0,8
3380,0.589405,0.677686,0.80,0.25,0,8
3390,0.583199,0.683252,0.80,0.25,0,8
3400,0.590612,0.674951,0.80,0.26,0,8
3410,0.596630,0.667676,0.80,0.26,0,8
3420,0.595286,0.672314,0.80,0.26,0,8
3430,0.593307,0.671973,0.80,0.27,0,8
3440,0.594867,0.669336,0.80,0.26,0,8
3450,0.589202,0.675293,0.80,0.26,0,8
3460,0.586477,0.673145,0.80,0.26,0,8
3470,0.585546,0.677246,0.80,0.27,0,8
3480,0.581475,0.681543,0.80,0.27,0,8
3490,0.588860,0.670801,0.80,0.27,0,8
3500,0.580805,0.679004,0.80,0.27,0,8
3510,0.584844,0.677881,0.80,0.15,0,8
3520,0.588106,0.670117,0.80,0.15,0,8
3530,0.582102,0.679053,0.80,0.15,0,8
3540,0.590756,0.666553,0.80,0.24,0,8
3550,0.587762,0.670654,0.80,0.24,0,8
3560,0.586681,0.672412,0.80,0.24,0,8
3570,0.586256,0.672607,0.80,0.24,0,8
3580,0.589566,0.670850,0.80,0.25,0,8
3590,0.589786,0.671436,0.80,0.25,0,8
3600,0.579056,0.679150,0.80,0.25,0,8
3610,0.580430,0.678760,0.80,0.25,0,8
3620,0.584076,0.677734,0.80,0.26,0,8
3630,0.582372,0.676123,0.80,0.22,0,8
3640,0.584111,0.673486,0.80,0.22,0,8
3650,0.582595,0.671729,0.80,0.23,0,8
3660,0.581775,0.679492,0.80,0.23,0,8
3670,0.584737,0.676123,0.80,0.23,0,8
3680,0.582384,0.681738,0.80,0.23,0,8
3690,0.590909,0.663770,0.80,0.23,0,8
3700,0.591009,0.666650,0.80,0.23,0,8
3710,0.585296,0.677246,0.80,0.24,0,8
3720,0.577276,0.680615,0.80,0.24,0,8
3730,0.576980,0.685889,0.80,0.24,0,8
3740,0.574094,0.685596,0.80,0.24,0,8
3750,0.572105,0.681299,0.80,0.25,0,8
3760,0.575669,0.684326,0.80,0.25,0,8
3770,0.574307,0.681494,0.80,0.22,0,8
3780,0.572818,0.683350,0.80,0.23,0,8
3790,0.584154,0.670459,0.80,0.23,0,8
3800,0.582566,0.676221,0.80,0.23,0,8
3810,0.581858,0.676562,0.80,0.23,0,8
3820,0.580105,0.680078,0.80,0.23,0,8
3830,0.577132,0.681738,0.80,0.23,0,8
3840,0.584155,0.672119,0.80,0.24,0,8
3850,0.576992,0.677441,0.80,0.24,0,8
3860,0.571649,0.686816,0.80,0.23,0,8
3870,0.565804,0.686475,0.80,0.23,0,8
3880,0.573542,0.680322,0.80,0.24,0,8
3890,0.571675,0.683691,0.80,0.24,0,8
3900,0.580632,0.680127,0.80,0.24,0,8
3910,0.579579,0.674268,0.80,0.24,0,8
3920,0.583011,0.669385,0.80,0.24,0,8
3930,0.576435,0.678223,0.80,0.24,0,8
3940,0.579909,0.670068,0.80,0.21,0,8
3950,0.576629,0.678564,0.80,0.21,0,8
3960,0.574615,0.678369,0.80,0.22,0,8
3970,0.575746,0.680127,0.80,0.23,0,8
3980,0.574562,0.681055,0.80,0.23,0,8
3990,0.575796,0.678320,0.80,0.24,0,8
4000,0.570271,0.679785,0.80,0.24,0,8
4010,0.569962,0.688086,0.80,0.22,0,8
4020,0.569978,0.687256,0.80,0.22,0,8
4030,0.570327,0.683057,0.80,0.23,0,8
4040,0.574555,0.679248,0.80,0.23,0,8
4050,0.573449,0.681104,0.80,0.23,0,8
4060,0.566365,0.686816,0.80,0.24,0,8
4070,0.573402,0.683496,0.80,0.24,0,8
4080,0.569405,0.686182,0.80,0.24,0,8
4090,0.576809,0.674463,0.80,0.24,0,8
4100,0.572575,0.683594,0.80,0.25,0,8
4110,0.562741,0.690771,0.80,0.25,0,8
4120,0.565502,0.688330,0.80,0.25,0,8
4130,0.570741,0.685156,0.80,0.25,0,8
4140,0.572618,0.677148,0.80,0.26,0,8
4150,0.569685,0.680518,0.80,0.26,0,8
4160,0.569639,0.683936,0.80,0.26,0,8
4170,0.561948,0.691943,0.80,0.26,0,8
4180,0.574639,0.679834,0.80,0.27,0,8
4190,0.570699,0.677441,0.80,0.27,0,8
4200,0.566042,0.687939,0.80,0.27,0,8
4210,0.571950,0.680811,0.80,0.27,0,8
4220,0.569171,0.684668,0.80,0.27,0,8
4230,0.560027,0.691992,0.80,0.28,0,8
4240,0.564380,0.683350,0.80,0.28,0,8
4250,0.566863,0.688916,0.80,0.28,0,8
4260,0.564622,0.685742,0.80,0.28,0,8
4270,0.565650,0.691162,0.80,0.29,0,8
4280,0.564321,0.688525,0.80,0.29,0,8
4290,0.564839,0.685010,0.80,0.29,0,8
4300,0.564727,0.686035,0.80,0.29,0,8
4310,0.565816,0.684473,0.80,0.30,0,8
4320,0.567668,0.683301,0.80,0.30,0,8
4330,0.561575,0.688379,0.80,0.30,0,8
4340,0.565219,0.687598,0.80,0.30,0,8
4350,0.560476,0.690283,0.80,0.22,0,8
4360,0.564570,0.686475,0.80,0.23,0,8
4370,0.560669,0.693115,0.80,0.23,0,8
4380,0.564236,0.685205,0.80,0.24,0,8
4390,0.559772,0.691602,0.80,0.24,0,8
4400,0.563166,0.686475,0.80,0.24,0,8
4410,0.555051,0.690332,0.80,0.24,0,8
4420,0.565736,0.686279,0.80,0.23,0,8
4430,0.568621,0.680615,0.80,0.23,0,8
4440,0.562764,0.685791,0.80,0.23,0,8
4450,0.557707,0.693604,0.80,0.23,0,8
4460,0.564127,0.683545,0.80,0.23,0,8
4470,0.567228,0.681592,0.80,0.23,0,8
4480,0.564539,0.681543,0.80,0.24,0,8
4490,0.550563,0.701416,0.80,0.23,0,8
4500,0.566176,0.675684,0.80,0.21,0,8
4510,0.560913,0.687549,0.80,0.20,0,8
4520,0.553422,0.694873,0.80,0.20,0,8
4530,0.563327,0.686426,0.80,0.20,0,8
4540,0.559380,0.686719,0.80,0.22,0,8
4550,0.562820,0.681104,0.80,0.23,0,8
4560,0.558850,0.686963,0.80,0.23,0,8
4570,0.553328,0.691992,0.80,0.23,0,8
4580,0.557566,0.688965,0.80,0.24,0,8
4590,0.558854,0.685840,0.80,0.24,0,8
4600,0.557164,0.688721,0.80,0.24,0,8
4610,0.556151,0.683789,0.80,0.25,0,8
4620,0.552759,0.690674,0.80,0.25,0,8
4630,0.549653,0.696826,0.80,0.25,0,8
4640,0.554816,0.688379,0.80,0.25,0,8
4650,0.552479,0.691406,0.80,0.26,0,8
4660,0.555120,0.688770,0.80,0.26,0,8
4670,0.551407,0.691309,0.80,0.26,0,8
4680,0.557669,0.684082,0.80,0.26,0,8
4690,0.552319,0.692480,0.80,0.26,0,8
4700,0.554716,0.689551,0.80,0.27,0,8
4710,0.553989,0.693115,0.80,0.27,0,8
4720,0.554625,0.690527,0.80,0.27,0,8
4730,0.557308,0.685254,0.80,0.27,0,8
4740,0.550560,0.696387,0.80,0.28,0,8
4750,0.549266,0.693018,0.80,0.28,0,8
4760,0.551991,0.688672,0.80,0.28,0,8
4770,0.554354,0.686377,0.80,0.28,0,8
4780,0.546582,0.693799,0.80,0.28,0,8
4790,0.543410,0.698730,0.80,0.29,0,8
4800,0.552541,0.690186,0.80,0.29,0,8
4810,0.554275,0.687500,0.80,0.29,0,8
4820,0.557334,0.685205,0.80,0.23,0,8
4830,0.552320,0.692676,0.80,0.23,0,8
4840,0.554306,0.694336,0.80,0.23,0,8
4850,0.552339,0.688770,0.80,0.23,0,8
4860,0.550910,0.693896,0.80,0.24,0,8
4870,0.550886,0.692822,0.80,0.23,0,8
4880,0.544003,0.696240,0.80,0.23,0,8
4890,0.546721,0.691650,0.80,0.22,0,8
4900,0.544736,0.692871,0.80,0.22,0,8
4910,0.545998,0.693262,0.80,0.22,0,8
4920,0.544026,0.693896,0.80,0.22,0,8
4930,0.546572,0.696143,0.80,0.24,0,8
4940,0.548641,0.694873,0.80,0.24,0,8
4950,0.547072,0.699316,0.80,0.24,0,8
4960,0.544724,0.700488,0.80,0.20,0,8
4970,0.547488,0.694189,0.80,0.10,0,8
4980,0.549422,0.691797,0.80,0.20,0,8
4990,0.547476,0.692139,0.80,0.21,0,8
5000,0.548664,0.690625,0.80,0.22,0,8
5010,0.551637,0.688916,0.80,0.12,0,8
5020,0.551594,0.688770,0.80,0.11,0,8
5030,0.551273,0.692676,0.80,0.11,0,8
5040,0.544629,0.695117,0.80,0.21,0,8
5050,0.541621,0.694434,0.80,0.21,0,8
5060,0.543526,0.696582,0.80,0.22,0,8
5070,0.545511,0.693652,0.80,0.22,0,8
5080,0.547309,0.696094,0.80,0.22,0,8
5090,0.544552,0.698340,0.80,0.23,0,8
5100,0.549158,0.691895,0.80,0.23,0,8
5110,0.545573,0.694141,0.80,0.23,0,8
5120,0.543179,0.697070,0.80,0.23,0,8
5130,0.546736,0.689844,0.80,0.24,0,8
5140,0.541957,0.692041,0.80,0.24,0,8
5150,0.537421,0.701465,0.80,0.24,0,8
5160,0.535332,0.701025,0.80,0.24,0,8
5170,0.541688,0.698730,0.80,0.24,0,8
5180,0.532964,0.704590,0.80,0.25,0,8
5190,0.542089,0.696826,0.80,0.25,0,8
5200,0.544419,0.694043,0.80,0.25,0,8
5210,0.538874,0.702637,0.80,0.26,0,8
5220,0.539237,0.698193,0.80,0.26,0,8
5230,0.543264,0.691943,0.80,0.22,0,8
5240,0.550917,0.684668,0.80,0.22,0,8
5250,0.543000,0.695898,0.80,0.23,0,8
5260,0.538517,0.701953,0.80,0.23,0,8
5270,0.538881,0.696533,0.80,0.23,0,8
5280,0.536791,0.699658,0.80,0.23,0,8
5290,0.534085,0.701660,0.80,0.24,0,8
5300,0.535866,0.701855,0.80,0.24,0,8
5310,0.543320,0.689502,0.80,0.21,0,8
5320,0.542353,0.694873,0.80,0.23,0,8
5330,0.538465,0.697119,0.80,0.23,0,8
5340,0.539054,0.696875,0.80,0.23,0,8
5350,0.539158,0.695947,0.80,0.23,0,8
5360,0.536412,0.703223,0.80,0.23,0,8
5370,0.539277,0.698291,0.80,0.23,0,8
5380,0.538556,0.694727,0.80,0.23,0,8
5390,0.533268,0.699414,0.80,0.24,0,8
5400,0.539751,0.693555,0.80,0.23,0,8
5410,0.543145,0.693896,0.80,0.23,0,8
5420,0.535271,0.700830,0.80,0.23,0,8
5430,0.528816,0.706055,0.80,0.23,0,8
5440,0.535328,0.702051,0.80,0.24,0,8
5450,0.534304,0.701221,0.80,0.24,0,8
5460,0.536541,0.696777,0.80,0.24,0,8
5470,0.534029,0.703760,0.80,0.22,0,8
5480,0.535033,0.701367,0.80,0.22,0,8
5490,0.536914,0.698730,0.80,0.23,0,8
5500,0.536855,0.701562,0.80,0.23,0,8
5510,0.529607,0.703711,0.80,0.12,0,8
5520,0.535225,0.700879,0.80,0.12,0,8
5530,0.530363,0.704590,0.80,0.13,0,8
5540,0.534733,0.697363,0.80,0.23,0,8
5550,0.534914,0.700195,0.80,0.23,0,8
5560,0.531162,0.703711,0.80,0.23,0,8
5570,0.535847,0.697803,0.80,0.23,0,8
5580,0.534948,0.693311,0.80,0.24,0,8
5590,0.535804,0.697559,0.80,0.24,0,8
5600,0.535835,0.701660,0.80,0.24,0,8
5610,0.542083,0.691406,0.80,0.24,0,8
5620,0.532987,0.699268,0.80,0.24,0,8
5630,0.533596,0.698438,0.80,0.24,0,8
5640,0.532429,0.701123,0.80,0.24,0,8
5650,0.535482,0.695459,0.80,0.24,0,8
5660,0.526001,0.708105,0.80,0.24,0,8
5670,0.532997,0.700146,0.80,0.25,0,8
5680,0.526749,0.706494,0.80,0.25,0,8
5690,0.529671,0.702295,0.80,0.25,0,8
5700,0.530990,0.700146,0.80,0.24,0,8
5710,0.530577,0.704150,0.80,0.24,0,8
5720,0.534124,0.704639,0.80,0.24,0,8
5730,0.531049,0.704980,0.80,0.23,0,8
5740,0.532353,0.701123,0.80,0.23,0,8
5750,0.530095,0.705566,0.80,0.24,0,8
5760,0.531467,0.701367,0.80,0.24,0,8
5770,0.530816,0.699756,0.80,0.24,0,8
5780,0.530119,0.700195,0.80,0.25,0,8
5790,0.532951,0.697803,0.80,0.15,0,8
5800,0.526319,0.703662,0.80,0.22,0,8
5810,0.529974,0.701660,0.80,0.22,0,8
5820,0.522994,0.713037,0.80,0.23,0,8
5830,0.530254,0.703369,0.80,0.23,0,8
5840,0.520561,0.712158,0.80,0.23,0,8
5850,0.522412,0.709131,0.80,0.23,0,8
5860,0.531704,0.703760,0.80,0.23,0,8
5870,0.532340,0.704639,0.80,0.23,0,8
5880,0.532203,0.701025,0.80,0.23,0,8
5890,0.530038,0.701807,0.80,0.23,0,8
5900,0.526258,0.706006,0.80,0.23,0,8
5910,0.527872,0.703760,0.80,0.24,0,8
5920,0.524764,0.705029,0.80,0.24,0,8
5930,0.529397,0.699707,0.80,0.24,0,8
5940,0.526770,0.705371,0.80,0.23,0,8
5950,0.524490,0.708936,0.80,0.24,0,8
5960,0.525549,0.703857,0.80,0.24,0,8
5970,0.517291,0.709912,0.80,0.22,0,8
5980,0.527790,0.705713,0.80,0.23,0,8
5990,0.529233,0.704199,0.80,0.23,0,8
6000,0.528234,0.703369,0.80,0.23,0,8
6010,0.525001,0.704932,0.80,0.21,0,8
6020,0.523900,0.710889,0.80,0.22,0,8
6030,0.526438,0.704346,0.80,0.23,0,8
6040,0.523777,0.708643,0.80,0.23,0,8
6050,0.526636,0.699170,0.80,0.23,0,8
6060,0.525392,0.704639,0.80,0.23,0,8
6070,0.521825,0.709766,0.80,0.23,0,8
6080,0.528469,0.698877,0.80,0.23,0,8
6090,0.514600,0.712891,0.80,0.24,0,8
6100,0.516741,0.709424,0.80,0.23,0,8
6110,0.518600,0.708643,0.80,0.23,0,8
6120,0.520287,0.709277,0.80,0.23,0,8
6130,0.525641,0.702197,0.80,0.21,0,8
6140,0.525166,0.705322,0.80,0.21,0,8
6150,0.521220,0.707666,0.80,0.23,0,8
6160,0.516381,0.709863,0.80,0.22,0,8
6170,0.519796,0.706494,0.80,0.22,0,8
6180,0.521488,0.706592,0.80,0.22,0,8
6190,0.520918,0.707178,0.80,0.22,0,8
6200,0.522567,0.708252,0.80,0.23,0,8
6210,0.512114,0.716211,0.80,0.22,0,8
6220,0.522756,0.702588,0.80,0.11,0,8
6230,0.519859,0.705957,0.80,0.22,0,8
6240,0.531032,0.698633,0.80,0.20,0,8
6250,0.516004,0.712500,0.80,0.20,0,8
6260,0.516307,0.709766,0.80,0.21,0,8
6270,0.519685,0.707568,0.80,0.17,0,8
6280,0.519447,0.709814,0.80,0.22,0,8
6290,0.512742,0.712012,0.80,0.22,0,8
6300,0.515940,0.710254,0.80,0.22,0,8
6310,0.520653,0.704102,0.80,0.22,0,8
6320,0.521274,0.702490,0.80,0.22,0,8
6330,0.515483,0.709717,0.80,0.22,0,8
6340,0.516791,0.707715,0.80,0.22,0,8
6350,0.519510,0.708105,0.80,0.23,0,8
6360,0.513460,0.710352,0.80,0.23,0,8
6370,0.508286,0.713818,0.80,0.21,0,8
6380,0.509870,0.718701,0.80,0.21,0,8
6390,0.516176,0.710449,0.80,0.21,0,8
6400,0.509816,0.711035,0.80,0.23,0,8
6410,0.513641,0.714746,0.80,0.23,0,8
6420,0.511365,0.715479,0.80,0.23,0,8
6430,0.509990,0.714941,0.80,0.23,0,8
6440,0.512529,0.714014,0.80,0.22,0,8
6450,0.513806,0.712207,0.80,0.22,0,8
6460,0.513261,0.709668,0.80,0.22,0,8
6470,0.509726,0.716406,0.80,0.23,0,8
6480,0.503653,0.721826,0.80,0.23,0,8
6490,0.505706,0.722314,0.80,0.23,0,8
6500,0.516833,0.709375,0.80,0.23,0,8
6510,0.511384,0.715186,0.80,0.11,0,8
6520,0.498712,0.725293,0.80,0.11,0,8
6530,0.516943,0.707275,0.80,0.13,0,8
6540,0.511605,0.712305,0.80,0.23,0,8
6550,0.515572,0.712744,0.80,0.23,0,8
6560,0.506719,0.715771,0.80,0.23,0,8
6570,0.511078,0.711182,0.80,0.23,0,8
6580,0.509592,0.716846,0.80,0.23,0,8
6590,0.511382,0.712598,0.80,0.24,0,8
6600,0.502615,0.716895,0.80,0.24,0,8
6610,0.506123,0.716943,0.80,0.24,0,8
6620,0.503749,0.715820,0.80,0.24,0,8
6630,0.508292,0.712451,0.80,0.24,0,8
6640,0.502747,0.720654,0.80,0.25,0,8
6650,0.508292,0.717383,0.80,0.25,0,8
6660,0.503967,0.720313,0.80,0.25,0,8
6670,0.506158,0.717090,0.80,0.25,0,8
6680,0.509828,0.716406,0.80,0.26,0,8
6690,0.507562,0.713672,0.80,0.26,0,8
6700,0.497780,0.721436,0.80,0.26,0,8
6710,0.502605,0.717236,0.80,0.26,0,8
6720,0.506391,0.714795,0.80,0.27,0,8
6730,0.503121,0.719238,0.80,0.23,0,8
6740,0.502382,0.719482,0.80,0.23,0,8
6750,0.497023,0.722510,0.80,0.23,0,8
6760,0.504496,0.721094,0.80,0.23,0,8
6770,0.501920,0.723584,0.80,0.23,0,8
6780,0.506112,0.716162,0.80,0.23,0,8
6790,0.499548,0.721631,0.80,0.24,0,8
6800,0.498633,0.720117,0.80,0.24,0,8
6810,0.501302,0.721143,0.80,0.23,0,8
6820,0.501664,0.720410,0.80,0.23,0,8
6830,0.502885,0.715088,0.80,0.22,0,8
6840,0.502382,0.718555,0.80,0.23,0,8
6850,0.508070,0.713086,0.80,0.22,0,8
6860,0.497779,0.722803,0.80,0.22,0,8
6870,0.498984,0.718652,0.80,0.22,0,8
6880,0.496631,0.722607,0.80,0.22,0,8
6890,0.496313,0.725000,0.80,0.21,0,8
6900,0.500346,0.720947,0.80,0.21,0,8
6910,0.500097,0.721484,0.80,0.21,0,8
6920,0.500247,0.720654,0.80,0.23,0,8
6930,0.496658,0.722021,0.80,0.22,0,8
6940,0.503055,0.719873,0.80,0.23,0,8
6950,0.493986,0.724365,0.80,0.22,0,8
6960,0.500742,0.718457,0.80,0.22,0,8
6970,0.504520,0.715674,0.80,0.10,0,8
6980,0.494832,0.723437,0.80,0.21,0,8
6990,0.493181,0.725684,0.80,0.22,0,8
7000,0.494256,0.724268,0.80,0.22,0,8
7010,0.495837,0.721924,0.80,0.22,0,8
7020,0.498777,0.723584,0.80,0.22,0,8
7030,0.497731,0.727002,0.80,0.22,0,8
7040,0.490875,0.727979,0.80,0.23,0,8
7050,0.496911,0.719482,0.80,0.23,0,8
7060,0.495241,0.720264,0.80,0.23,0,8
7070,0.498072,0.718945,0.80,0.23,0,8
7080,0.489707,0.728174,0.80,0.23,0,8
7090,0.497424,0.719189,0.80,0.24,0,8
7100,0.500602,0.714648,0.80,0.24,0,8
7110,0.495172,0.723096,0.80,0.23,0,8
7120,0.489952,0.728711,0.80,0.23,0,8
7130,0.483667,0.733008,0.80,0.22,0,8
7140,0.492864,0.724121,0.80,0.11,0,8
7150,0.492068,0.726074,0.80,0.20,0,8
7160,0.487223,0.730762,0.80,0.19,0,8
7170,0.494761,0.722656,0.80,0.12,0,8
7180,0.495442,0.720703,0.80,0.22,0,8
7190,0.484402,0.730908,0.80,0.21,0,8
7200,0.297325,0.432520,0.80,5.00,0,8
7210,0.492160,0.718652,0.80,5.01,0,8
7220,0.486962,0.725732,0.80,5.01,0,8
7230,0.492469,0.723193,0.80,5.01,0,8
7240,0.490802,0.726758,0.80,4.84,0,8
7250,0.489837,0.726953,0.80,4.38,0,8
7260,0.489703,0.724463,0.80,4.37,0,8
7270,0.481877,0.731592,0.80,4.37,0,8
7280,0.491390,0.724805,0.80,4.37,0,8
7290,0.496767,0.720264,0.80,4.37,0,8
7300,0.484579,0.733301,0.80,4.26,0,8
7310,0.484606,0.726807,0.80,4.27,0,8
7320,0.491208,0.723096,0.80,4.27,0,8
7330,0.493244,0.718506,0.80,4.27,0,8
7340,0.491137,0.726416,0.80,4.27,0,8
7350,0.492155,0.722266,0.80,4.28,0,8
7360,0.482493,0.732666,0.80,3.26,0,8
7370,0.483830,0.736377,0.80,4.20,0,8
7380,0.487142,0.728271,0.80,4.20,0,8
7390,0.484544,0.729541,0.80,4.20,0,8
7400,0.484804,0.731934,0.80,4.20,0,8
7410,0.484457,0.731494,0.80,4.19,0,8
7420,0.486360,0.728906,0.80,4.20,0,8
7430,0.486824,0.726221,0.80,4.17,0,8
7440,0.484164,0.728467,0.80,4.15,0,8
7450,0.485074,0.726123,0.80,4.15,0,8
7460,0.481224,0.730713,0.80,4.15,0,8
7470,0.484210,0.727490,0.80,4.15,0,8
7480,0.484677,0.730518,0.80,3.81,0,8
7490,0.479170,0.735498,0.80,3.91,0,8
7500,0.486898,0.729297,0.80,3.91,0,8
7510,0.490272,0.727930,0.80,3.76,0,8
7520,0.475894,0.739941,0.80,3.77,0,8
7530,0.436392,0.662451,0.80,4.48,0,8
7540,0.483897,0.735791,0.80,4.48,0,8
7550,0.486655,0.728516,0.80,4.49,0,8
7560,0.479495,0.735498,0.80,4.29,0,8
7570,0.482473,0.731104,0.80,4.29,0,8
7580,0.476676,0.731055,0.80,4.29,0,8
7590,0.478583,0.739258,0.80,4.29,0,8
7600,0.477130,0.736426,0.80,4.30,0,8
7610,0.481776,0.730225,0.80,4.30,0,8
7620,0.476957,0.737695,0.80,4.18,0,8
7630,0.477807,0.738379,0.80,4.19,0,8
7640,0.479045,0.738135,0.80,4.19,0,8
7650,0.476234,0.737305,0.80,4.19,0,8
7660,0.480078,0.730811,0.80,4.19,0,8
7670,0.473449,0.739844,0.80,4.20,0,8
7680,0.490041,0.724805,0.80,3.09,0,8
7690,0.482479,0.728662,0.80,4.08,0,8
7700,0.477466,0.737549,0.80,4.08,0,8
7710,0.482111,0.729102,0.80,4.09,0,8
7720,0.474497,0.736816,0.80,4.09,0,8
7730,0.476809,0.736475,0.80,4.09,0,8
7740,0.475225,0.737256,0.80,4.09,0,8
7750,0.473119,0.734570,0.80,4.03,0,8
7760,0.473618,0.738721,0.80,4.03,0,8
7770,0.474336,0.738184,0.80,4.03,0,8
7780,0.476272,0.735498,0.80,4.04,0,8
7790,0.482827,0.737012,0.80,4.04,0,8
7800,0.478214,0.734033,0.80,4.04,0,8
7810,0.479198,0.737988,0.80,4.01,0,8
7820,0.471780,0.737207,0.80,4.02,0,8
7830,0.472968,0.735107,0.80,4.02,0,8
7840,0.468563,0.736963,0.80,4.02,0,8
7850,0.472034,0.736719,0.80,4.02,0,8
7860,0.472028,0.738818,0.80,4.03,0,8
7870,0.468682,0.741162,0.80,4.03,0,8
7880,0.470894,0.739014,0.80,4.00,0,8
7890,0.474253,0.735840,0.80,4.01,0,8
7900,0.468768,0.741895,0.80,4.01,0,8
7910,0.478167,0.737109,0.80,4.01,0,8
7920,0.470105,0.738623,0.80,4.01,0,8
7930,0.472267,0.742822,0.80,4.02,0,8
7940,0.466582,0.745068,0.80,4.00,0,8
7950,0.465464,0.740186,0.80,4.01,0,8
7960,0.475335,0.736035,0.80,4.01,0,8
7970,0.463600,0.744287,0.80,4.01,0,8
7980,0.463692,0.746143,0.80,4.01,0,8
7990,0.467625,0.739160,0.80,4.02,0,8
8000,0.467907,0.742773,0.80,3.17,0,8
8010,0.473372,0.737305,0.80,4.51,0,8
8020,0.468794,0.740088,0.80,4.51,0,8
8030,0.471626,0.741650,0.80,4.52,0,8
8040,0.471437,0.741797,0.80,4.52,0,8
8050,0.475849,0.736523,0.80,4.52,0,8
8060,0.468895,0.739551,0.80,4.52,0,8
8070,0.468686,0.740869,0.80,4.31,0,8
8080,0.465842,0.739795,0.80,4.31,0,8
8090,0.461912,0.745117,0.80,4.31,0,8
8100,0.463631,0.744287,0.80,4.32,0,8
8110,0.462681,0.747266,0.80,4.32,0,8
8120,0.466812,0.738330,0.80,4.32,0,8
8130,0.463690,0.740039,0.80,4.20,0,8
8140,0.467914,0.740576,0.80,4.21,0,8
8150,0.467021,0.743799,0.80,4.21,0,8
8160,0.477533,0.735449,0.80,4.15,0,8
8170,0.465330,0.741504,0.80,4.15,0,8
8180,0.466221,0.743066,0.80,4.16,0,8
8190,0.469004,0.740674,0.80,4.16,0,8
8200,0.462977,0.748145,0.80,4.04,0,8
8210,0.463725,0.742090,0.80,4.04,0,8
8220,0.464594,0.740820,0.80,4.04,0,8
8230,0.464034,0.741064,0.80,4.05,0,8
8240,0.460300,0.741602,0.80,4.05,0,8
8250,0.464462,0.743018,0.80,4.05,0,8
8260,0.459901,0.747314,0.80,3.99,0,8
8270,0.472330,0.736328,0.80,3.99,0,8
8280,0.468810,0.742773,0.80,3.99,0,8
8290,0.464618,0.742188,0.80,3.99,0,8
8300,0.466284,0.739160,0.80,4.00,0,8
8310,0.459615,0.746729,0.80,4.00,0,8
8320,0.464904,0.747168,0.80,3.08,0,8
8330,0.462430,0.742871,0.80,3.98,0,8
8340,0.456018,0.748291,0.80,3.98,0,8
8350,0.466122,0.736719,0.80,3.98,0,8
8360,0.448468,0.752441,0.80,3.98,0,8
8370,0.458501,0.742773,0.80,3.99,0,8
8380,0.469469,0.737158,0.80,3.99,0,8
8390,0.459223,0.745654,0.80,3.96,0,8
8400,0.464777,0.743018,0.80,3.97,0,8
8410,0.464655,0.746045,0.80,3.97,0,8
8420,0.462166,0.744043,0.80,3.97,0,8
8430,0.467589,0.742529,0.80,3.97,0,8
8440,0.466697,0.740186,0.80,3.97,0,8
8450,0.461493,0.745264,0.80,3.96,0,8
8460,0.456949,0.747559,0.80,3.97,0,8
8470,0.459594,0.742725,0.80,3.97,0,8
8480,0.454974,0.746533,0.80,3.97,0,8
8490,0.465774,0.739648,0.80,3.97,0,8
8500,0.456534,0.743799,0.80,3.97,0,8
8510,0.457223,0.744238,0.80,3.78,0,8
8520,0.462552,0.739941,0.80,3.78,0,8
8530,0.455346,0.750488,0.80,3.78,0,8
8540,0.457977,0.746143,0.80,3.78,0,8
8550,0.457994,0.745166,0.80,3.78,0,8
8560,0.462845,0.739941,0.80,3.79,0,8
8570,0.459576,0.745215,0.80,3.79,0,8
8580,0.457172,0.747217,0.80,3.78,0,8
8590,0.451094,0.753223,0.80,3.79,0,8
8600,0.444926,0.753418,0.80,3.79,0,8
8610,0.454744,0.747705,0.80,3.79,0,8
8620,0.452847,0.747363,0.80,3.79,0,8
8630,0.453612,0.746729,0.80,3.80,0,8
8640,0.453445,0.748926,0.80,2.96,0,8
8650,0.455068,0.745410,0.80,3.79,0,8
8660,0.457591,0.743701,0.80,3.80,0,8
8670,0.452849,0.748926,0.80,3.80,0,8
8680,0.465052,0.740430,0.80,3.80,0,8
8690,0.455091,0.748730,0.80,3.80,0,8
8700,0.453643,0.749561,0.80,3.81,0,8
8710,0.457889,0.744482,0.80,3.80,0,8
8720,0.449372,0.753906,0.80,3.80,0,8
8730,0.457203,0.739746,0.80,3.81,0,8
8740,0.451698,0.746045,0.80,3.81,0,8
8750,0.451481,0.750928,0.80,3.81,0,8
8760,0.455894,0.747119,0.80,3.81,0,8
8770,0.452015,0.747803,0.80,3.81,0,8
8780,0.450900,0.753809,0.80,3.81,0,8
8790,0.449494,0.752930,0.80,3.81,0,8
8800,0.454097,0.747852,0.80,3.81,0,8
8810,0.452465,0.749658,0.80,3.82,0,8
8820,0.453507,0.747900,0.80,3.82,0,8
8830,0.447185,0.753418,0.80,3.82,0,8
8840,0.451980,0.750537,0.80,3.82,0,8
8850,0.455979,0.740479,0.80,3.82,0,8
8860,0.457436,0.743652,0.80,3.82,0,8
8870,0.453071,0.749219,0.80,3.82,0,8
8880,0.448625,0.748828,0.80,3.83,0,8
8890,0.445208,0.755518,0.80,3.83,0,8
8900,0.453203,0.750293,0.80,3.82,0,8
8910,0.450526,0.749072,0.80,3.83,0,8
8920,0.451049,0.746826,0.80,3.83,0,8
8930,0.447847,0.752686,0.80,3.83,0,8
8940,0.452564,0.748926,0.80,3.83,0,8
8950,0.449017,0.752930,0.80,3.84,0,8
8960,0.451819,0.747607,0.80,3.04,0,8
8970,0.448587,0.748926,0.80,3.83,0,8
8980,0.453639,0.751758,0.80,3.84,0,8
8990,0.452078,0.751563,0.80,3.84,0,8
9000,0.461543,0.744189,0.80,3.84,0,8
9010,0.449531,0.748096,0.80,3.75,0,8
9020,0.449701,0.750342,0.80,3.75,0,8
9030,0.448534,0.754150,0.80,3.74,0,8
9040,0.454081,0.744629,0.80,3.75,0,8
9050,0.446175,0.752490,0.80,3.75,0,8
9060,0.453043,0.747168,0.80,3.75,0,8
9070,0.452714,0.746143,0.80,3.72,0,8
9080,0.444949,0.757031,0.80,3.72,0,8
9090,0.448520,0.755713,0.80,3.71,0,8
9100,0.450055,0.751465,0.80,3.72,0,8
9110,0.454833,0.747754,0.80,3.72,0,8
9120,0.438045,0.759863,0.80,3.72,0,8
9130,0.446899,0.751318,0.80,3.72,0,8
9140,0.450394,0.750293,0.80,3.73,0,8
9150,0.444577,0.757178,0.80,3.73,0,8
9160,0.452100,0.752734,0.80,3.73,0,8
9170,0.448451,0.749365,0.80,3.73,0,8
9180,0.443325,0.755859,0.80,3.74,0,8
9190,0.443652,0.754590,0.80,3.74,0,8
9200,0.445622,0.752588,0.80,3.74,0,8
9210,0.446169,0.751221,0.80,3.74,0,8
9220,0.450813,0.749219,0.80,3.75,0,8
9230,0.447397,0.754102,0.80,3.75,0,8
9240,0.442802,0.754932,0.80,3.75,0,8
9250,0.442136,0.757568,0.80,3.75,0,8
9260,0.444673,0.752148,0.80,3.76,0,8
9270,0.442320,0.752930,0.80,3.76,0,8
9280,0.445221,0.752539,0.80,2.99,0,8
9290,0.444094,0.754639,0.80,3.76,0,8
9300,0.444237,0.755322,0.80,3.76,0,8
9310,0.443248,0.753320,0.80,3.77,0,8
9320,0.442944,0.754102,0.80,3.77,0,8
9330,0.446307,0.750000,0.80,3.77,0,8
9340,0.443678,0.753076,0.80,3.77,0,8
9350,0.443211,0.752588,0.80,3.78,0,8
9360,0.448641,0.750439,0.80,3.78,0,8
9370,0.450090,0.750586,0.80,3.78,0,8
9380,0.438074,0.759473,0.80,3.78,0,8
9390,0.445809,0.751709,0.80,3.79,0,8
9400,0.441943,0.758887,0.80,3.79,0,8
9410,0.434695,0.758887,0.80,3.79,0,8
9420,0.437312,0.757910,0.80,3.79,0,8
9430,0.439535,0.754395,0.80,3.80,0,8
9440,0.440777,0.755078,0.80,3.80,0,8
9450,0.436734,0.761182,0.80,3.80,0,8
9460,0.441456,0.753271,0.80,3.80,0,8
9470,0.439968,0.757275,0.80,3.81,0,8
9480,0.442371,0.755615,0.80,3.81,0,8
9490,0.437467,0.757520,0.80,3.81,0,8
9500,0.435459,0.761377,0.80,3.81,0,8
9510,0.440059,0.756250,0.80,3.49,0,8
9520,0.434816,0.761279,0.80,3.49,0,8
9530,0.446230,0.753809,0.80,3.49,0,8
9540,0.448773,0.750439,0.80,3.49,0,8
9550,0.443733,0.750098,0.80,3.50,0,8
9560,0.442179,0.754395,0.80,3.50,0,8
9570,0.441590,0.752441,0.80,3.50,0,8
9580,0.441726,0.756787,0.80,3.50,0,8
9590,0.438076,0.760840,0.80,3.51,0,8
9600,0.441493,0.754687,0.80,2.74,0,8
9610,0.435462,0.761572,0.80,4.20,0,8
9620,0.433353,0.759766,0.80,4.20,0,8
9630,0.436548,0.762109,0.80,4.20,0,8
9640,0.441339,0.757520,0.80,4.21,0,8
9650,0.440499,0.758643,0.80,4.21,0,8
9660,0.429787,0.766602,0.80,4.21,0,8
9670,0.436518,0.760938,0.80,3.98,0,8
9680,0.437602,0.758643,0.80,3.99,0,8
9690,0.437447,0.760840,0.80,3.99,0,8
9700,0.437431,0.757568,0.80,3.99,0,8
9710,0.435037,0.760254,0.80,3.99,0,8
9720,0.442132,0.754687,0.80,4.00,0,8
9730,0.445955,0.754102,0.80,3.88,0,8
9740,0.436009,0.760254,0.80,3.88,0,8
9750,0.435142,0.755225,0.80,3.88,0,8
9760,0.435777,0.762549,0.80,3.89,0,8
9770,0.438561,0.758789,0.80,3.89,0,8
9780,0.432081,0.763916,0.80,3.89,0,8
9790,0.435359,0.758643,0.80,3.89,0,8
9800,0.437113,0.760352,0.80,3.78,0,8
9810,0.430295,0.764648,0.80,3.78,0,8
9820,0.447605,0.752734,0.80,3.78,0,8
9830,0.431111,0.762939,0.80,3.78,0,8
9840,0.438578,0.755078,0.80,3.79,0,8
9850,0.432453,0.759473,0.80,3.79,0,8
9860,0.436019,0.760547,0.80,3.72,0,8
9870,0.436432,0.758887,0.80,3.73,0,8
9880,0.429966,0.762891,0.80,3.73,0,8
9890,0.440872,0.756494,0.80,3.73,0,8
9900,0.431873,0.765088,0.80,3.73,0,8
9910,0.426474,0.767676,0.80,3.74,0,8
9920,0.437818,0.756543,0.80,2.81,0,8
9930,0.431832,0.763135,0.80,3.71,0,8
9940,0.442094,0.754834,0.80,3.72,0,8
9950,0.434084,0.761816,0.80,3.72,0,8
9960,0.430540,0.763818,0.80,3.72,0,8
9970,0.433054,0.758496,0.80,3.72,0,8
9980,0.430913,0.762646,0.80,3.72,0,8
9990,0.427965,0.769385,0.80,3.70,0,8
10000,0.429926,0.764941,0.80,3.70,0,8
10010,0.430584,0.764258,0.80,3.69,0,8
10020,0.426906,0.764941,0.80,3.69,0,8
10030,0.428048,0.761475,0.80,3.69,0,8
10040,0.422045,0.770020,0.80,3.70,0,8
10050,0.430835,0.764746,0.80,3.68,0,8
10060,0.433946,0.760156,0.80,3.69,0,8
10070,0.432897,0.762988,0.80,3.69,0,8
10080,0.433736,0.760986,0.80,3.69,0,8
10090,0.440681,0.753027,0.80,3.69,0,8
10100,0.435046,0.762500,0.80,3.70,0,8
10110,0.431855,0.762842,0.80,3.70,0,8
10120,0.423844,0.766357,0.80,3.69,0,8
10130,0.427859,0.764941,0.80,3.70,0,8
10140,0.427509,0.765771,0.80,3.70,0,8
10150,0.432573,0.761719,0.80,3.70,0,8
10160,0.436924,0.760645,0.80,3.70,0,8
10170,0.423085,0.769141,0.80,3.71,0,8
10180,0.424895,0.766016,0.80,3.70,0,8
10190,0.425530,0.768115,0.80,3.70,0,8
10200,0.429772,0.762305,0.80,3.71,0,8
10210,0.432648,0.762744,0.80,3.71,0,8
10220,0.433041,0.761182,0.80,3.71,0,8
10230,0.435802,0.759961,0.80,3.71,0,8
10240,0.429248,0.765430,0.80,2.88,0,8
10250,0.421520,0.767871,0.80,3.71,0,8
10260,0.426483,0.768945,0.80,3.71,0,8
10270,0.420583,0.770801,0.80,3.71,0,8
10280,0.426016,0.765137,0.80,3.72,0,8
10290,0.428930,0.762109,0.80,3.72,0,8
10300,0.423276,0.771484,0.80,3.72,0,8
10310,0.429002,0.764062,0.80,3.72,0,8
10320,0.426447,0.767871,0.80,3.72,0,8
10330,0.428119,0.762793,0.80,3.72,0,8
10340,0.425833,0.769189,0.80,3.72,0,8
10350,0.423228,0.769922,0.80,3.73,0,8
10360,0.430370,0.764111,0.80,3.73,0,8
10370,0.433038,0.761768,0.80,3.72,0,8
10380,0.422968,0.770557,0.80,3.73,0,8
10390,0.417991,0.772412,0.80,3.73,0,8
10400,0.425215,0.763818,0.80,3.73,0,8
10410,0.428218,0.764697,0.80,3.73,0,8
10420,0.425089,0.770361,0.80,3.74,0,8
10430,0.423824,0.767090,0.80,3.74,0,8
10440,0.418589,0.772168,0.80,3.73,0,8
10450,0.423342,0.771631,0.80,3.74,0,8
10460,0.422790,0.772754,0.80,3.74,0,8
10470,0.429013,0.763818,0.80,3.74,0,8
10480,0.434799,0.760986,0.80,3.74,0,8
10490,0.425741,0.767334,0.80,3.74,0,8
10500,0.425515,0.766553,0.80,3.74,0,8
10510,0.424984,0.766357,0.80,3.56,0,8
10520,0.421019,0.770557,0.80,3.56,0,8
10530,0.422282,0.769043,0.80,3.56,0,8
10540,0.421051,0.770410,0.80,3.57,0,8
10550,0.422929,0.772266,0.80,3.57,0,8
10560,0.425159,0.768115,0.80,2.77,0,8
10570,0.423114,0.771826,0.80,3.57,0,8
10580,0.422502,0.766553,0.80,3.57,0,8
10590,0.420299,0.766357,0.80,3.57,0,8
10600,0.427576,0.767480,0.80,3.57,0,8
10610,0.431058,0.763428,0.80,3.58,0,8
10620,0.421698,0.767188,0.80,3.58,0,8
10630,0.419864,0.770996,0.80,3.57,0,8
10640,0.423515,0.767334,0.80,3.58,0,8
10650,0.418360,0.773535,0.80,3.49,0,8
10660,0.421163,0.770264,0.80,3.45,0,8
10670,0.413073,0.775732,0.80,3.33,0,8
10680,0.423378,0.769678,0.80,3.33,0,8
10690,0.423508,0.771631,0.80,3.43,0,8
10700,0.423344,0.771289,0.80,3.43,0,8
10710,0.416500,0.771777,0.80,3.41,0,8
10720,0.421579,0.769141,0.80,3.41,0,8
10730,0.423197,0.770508,0.80,3.40,0,8
10740,0.422915,0.765625,0.80,3.38,0,8
10750,0.418028,0.770996,0.80,3.41,0,8
10760,0.410947,0.775342,0.80,3.33,0,8
10770,0.407770,0.775537,0.80,3.29,0,8
10780,0.419198,0.771484,0.80,3.30,0,8
10790,0.415886,0.770166,0.80,3.30,0,8
10800,0.422165,0.767383,0.80,3.40,0,8
10810,0.412190,0.775049,0.80,3.40,0,8
10820,0.419123,0.771533,0.80,3.32,0,8
10830,0.422865,0.769043,0.80,3.30,0,8
10840,0.416186,0.773633,0.80,3.40,0,8
10850,0.418601,0.768506,0.80,3.39,0,8
10860,0.417981,0.769873,0.80,3.41,0,8
10870,0.416488,0.772217,0.80,3.30,0,8
10880,0.411659,0.773730,0.80,2.55,0,8
10890,0.410902,0.777295,0.80,3.42,0,8
10900,0.414229,0.773096,0.80,3.42,0,8
10910,0.422470,0.766064,0.80,3.41,0,8
10920,0.418631,0.771582,0.80,3.41,0,8
10930,0.407151,0.776807,0.80,3.28,0,8
10940,0.415847,0.775586,0.80,3.40,0,8
10950,0.415753,0.771924,0.80,3.41,0,8
10960,0.410515,0.775928,0.80,3.42,0,8
10970,0.419341,0.771191,0.80,3.43,0,8
10980,0.422216,0.769141,0.80,3.43,0,8
10990,0.417053,0.772461,0.80,3.43,0,8
11000,0.416817,0.770361,0.80,3.43,0,8
11010,0.422793,0.768994,0.80,3.47,0,8
11020,0.413514,0.772998,0.80,3.47,0,8
11030,0.413140,0.769092,0.80,3.47,0,8
11040,0.412219,0.774512,0.80,3.47,0,8
11050,0.409662,0.774609,0.80,4.24,0,8
11050,0.411959,0.777100,0.80,4.44,0,8
11060,0.415888,0.772217,0.80,4.44,0,8
11070,0.412082,0.780615,0.80,4.45,0,8
11080,0.414138,0.774365,0.80,4.24,0,8
11090,0.413475,0.772656,0.80,4.25,0,8
11100,0.410630,0.773584,0.80,4.25,0,8
11110,0.414204,0.775732,0.80,4.25,0,8
11120,0.404337,0.783789,0.80,4.25,0,8
11130,0.412685,0.775635,0.80,4.26,0,8
11140,0.412285,0.774902,0.80,4.14,0,8
11150,0.416823,0.774951,0.80,4.14,0,8
11160,0.405128,0.780176,0.80,4.14,0,8
11170,0.410375,0.780762,0.80,4.14,0,8
11180,0.414570,0.774561,0.80,4.15,0,8
11190,0.409085,0.779297,0.80,4.15,0,8
11200,0.419499,0.776855,0.80,3.04,0,8
11210,0.406676,0.778418,0.80,4.50,0,8
11220,0.406964,0.779687,0.80,4.51,0,8
11230,0.412627,0.773584,0.80,4.51,0,8
11240,0.403051,0.782080,0.80,4.50,0,8
11250,0.409291,0.779932,0.80,4.34,0,8
11260,0.414049,0.777051,0.80,4.32,0,8
11270,0.404675,0.780664,0.80,4.08,0,8
11280,0.405481,0.781592,0.80,4.00,0,8
11290,0.401374,0.782813,0.80,4.05,0,8
11300,0.408719,0.774609,0.80,4.05,0,8
11310,0.408048,0.779541,0.80,4.06,0,8
11320,0.412315,0.774756,0.80,4.06,0,8
11330,0.413842,0.776465,0.80,3.95,0,8
11340,0.408309,0.777490,0.80,3.95,0,8
11350,0.408393,0.777197,0.80,3.95,0,8
11360,0.410215,0.775439,0.80,3.96,0,8
11370,0.414679,0.772998,0.80,3.96,0,8
11380,0.405228,0.780273,0.80,3.96,0,8
11050,0.407900,0.777979,0.80,4.26,0,8
11050,0.404140,0.779736,0.80,4.30,0,8
11060,0.415367,0.774463,0.80,4.30,0,8
11070,0.415349,0.778564,0.80,4.31,0,8
11080,0.409845,0.776270,0.80,4.10,0,8
11090,0.410622,0.781104,0.80,4.11,0,8
11100,0.409685,0.777246,0.80,4.11,0,8
11110,0.409613,0.777832,0.80,4.11,0,8
11120,0.415069,0.774512,0.80,4.11,0,8
11130,0.411331,0.775928,0.80,4.12,0,8
11140,0.413244,0.774268,0.80,4.00,0,8
11150,0.406694,0.777832,0.80,4.00,0,8
11160,0.416182,0.779395,0.80,4.00,0,8
11170,0.414721,0.773340,0.80,4.01,0,8
11180,0.417353,0.774463,0.80,4.01,0,8
11190,0.405422,0.781152,0.80,4.01,0,8
11200,0.412193,0.779687,0.80,2.90,0,8
11210,0.406269,0.780713,0.80,4.36,0,8
11220,0.412122,0.775635,0.80,4.30,0,8
11230,0.407446,0.780127,0.80,4.31,0,8
11240,0.410886,0.776318,0.80,4.28,0,8
11250,0.413880,0.775439,0.80,4.29,0,8
11260,0.403525,0.780811,0.80,4.30,0,8
11270,0.410337,0.775586,0.80,4.07,0,8
11280,0.407360,0.782031,0.80,4.06,0,8
11290,0.410851,0.779492,0.80,4.06,0,8
11300,0.409621,0.779199,0.80,4.06,0,8
11310,0.415233,0.774756,0.80,4.04,0,8
11320,0.405199,0.780420,0.80,4.04,0,8
11330,0.409253,0.782031,0.80,3.93,0,8
11340,0.408350,0.776416,0.80,3.94,0,8
11350,0.405857,0.779492,0.80,3.94,0,8
11360,0.407952,0.779443,0.80,3.94,0,8
11370,0.404528,0.780811,0.80,3.94,0,8
11380,0.409625,0.774512,0.80,3.94,0,8
11390,0.404708,0.780762,0.80,3.95,0,8
11400,0.404842,0.783203,0.80,3.82,0,8
11410,0.403633,0.780566,0.80,3.82,0,8
11420,0.403280,0.783252,0.80,3.82,0,8
11430,0.409335,0.777100,0.80,3.83,0,8
11440,0.410205,0.780127,0.80,3.83,0,8
11450,0.404922,0.784033,0.80,3.83,0,8
11460,0.408619,0.776807,0.80,3.77,0,8
11470,0.399662,0.784717,0.80,3.77,0,8
11480,0.400564,0.785547,0.80,3.75,0,8
11490,0.404819,0.776855,0.80,3.77,0,8
11500,0.406323,0.778906,0.80,3.76,0,8
11510,0.406406,0.778125,0.80,3.49,0,8
11520,0.406345,0.774121,0.80,2.59,0,8
11530,0.404536,0.781006,0.80,3.49,0,8
11540,0.402617,0.780615,0.80,3.49,0,8
11550,0.399595,0.781494,0.80,3.56,0,8
11560,0.408109,0.780615,0.80,3.56,0,8
11570,0.402522,0.784277,0.80,3.57,0,8
11580,0.399615,0.786035,0.80,3.57,0,8
11590,0.402829,0.783496,0.80,3.54,0,8
11600,0.400547,0.783301,0.80,3.55,0,8
11610,0.401508,0.779883,0.80,3.55,0,8
11620,0.400342,0.782520,0.80,3.55,0,8
11630,0.403464,0.778662,0.80,3.55,0,8
11640,0.405935,0.781006,0.80,3.56,0,8
11650,0.401816,0.779639,0.80,3.54,0,8
11660,0.397327,0.786914,0.80,3.55,0,8
11670,0.410106,0.778369,0.80,3.55,0,8
11680,0.408195,0.778271,0.80,3.55,0,8
11690,0.397797,0.783740,0.80,3.55,0,8
11700,0.405571,0.780127,0.80,3.56,0,8
11710,0.409660,0.780859,0.80,3.56,0,8
11720,0.403055,0.786426,0.80,3.55,0,8
11730,0.399766,0.784766,0.80,3.56,0,8
11740,0.400389,0.783252,0.80,3.56,0,8
11750,0.398202,0.782959,0.80,3.56,0,8
11760,0.403943,0.778125,0.80,3.56,0,8
11770,0.400525,0.783545,0.80,3.57,0,8
11780,0.399630,0.779297,0.80,3.56,0,8
11790,0.397202,0.786719,0.80,3.56,0,8
11800,0.397738,0.785889,0.80,3.57,0,8
11810,0.396860,0.782764,0.80,3.57,0,8
11820,0.395808,0.784766,0.80,3.57,0,8
11830,0.401297,0.782568,0.80,3.57,0,8
11840,0.401107,0.783203,0.80,2.74,0,8
11850,0.399759,0.780420,0.80,3.57,0,8
11860,0.406540,0.777832,0.80,3.57,0,8
11870,0.402894,0.782471,0.80,3.58,0,8
11880,0.403911,0.778955,0.80,3.58,0,8
11890,0.400448,0.784229,0.80,3.58,0,8
11900,0.405075,0.781689,0.80,3.58,0,8
11910,0.393097,0.788184,0.80,3.58,0,8
11920,0.407536,0.781006,0.80,3.58,0,8
11930,0.388750,0.788135,0.80,3.58,0,8
11940,0.398037,0.787500,0.80,3.58,0,8
11950,0.402859,0.780420,0.80,3.59,0,8
11960,0.397179,0.782764,0.80,3.59,0,8
11970,0.401934,0.784863,0.80,3.58,0,8
11980,0.401099,0.782959,0.80,3.59,0,8
11990,0.400820,0.782227,0.80,3.59,0,8
12000,0.394042,0.785352,0.80,3.59,0,8
12010,0.393839,0.785156,0.80,3.49,0,8
12020,0.399640,0.783496,0.80,3.49,0,8
12030,0.401755,0.784570,0.80,3.49,0,8
12040,0.392101,0.789844,0.80,3.49,0,8
12050,0.392342,0.784863,0.80,3.49,0,8
12060,0.397025,0.786230,0.80,3.49,0,8
12070,0.398580,0.786963,0.80,3.49,0,8
12080,0.398321,0.780859,0.80,3.50,0,8
12090,0.390956,0.787549,0.80,3.50,0,8
12100,0.398871,0.784229,0.80,3.49,0,8
12110,0.393833,0.787744,0.80,3.50,0,8
12120,0.392746,0.788672,0.80,3.50,0,8
12130,0.388376,0.790234,0.80,3.50,0,8
12140,0.392394,0.789990,0.80,3.50,0,8
12150,0.396794,0.784717,0.80,3.51,0,8
12160,0.391474,0.786133,0.80,2.71,0,8
12170,0.388934,0.791504,0.80,3.50,0,8
12180,0.392435,0.788916,0.80,3.51,0,8
12190,0.400006,0.783154,0.80,3.51,0,8
12200,0.385196,0.790381,0.80,3.51,0,8
12210,0.396722,0.786377,0.80,3.51,0,8
12220,0.398385,0.782959,0.80,3.52,0,8
12230,0.398548,0.783057,0.80,3.51,0,8
12240,0.397670,0.788037,0.80,3.51,0,8
12250,0.383148,0.796289,0.80,3.52,0,8
12260,0.394288,0.787793,0.80,3.52,0,8
12270,0.389715,0.784717,0.80,3.52,0,8
12280,0.384889,0.791016,0.80,3.52,0,8
12290,0.396177,0.786377,0.80,3.52,0,8
12300,0.389712,0.787549,0.80,3.52,0,8
12310,0.392688,0.786084,0.80,3.52,0,8
12320,0.396445,0.785937,0.80,3.52,0,8
12330,0.388223,0.785400,0.80,3.53,0,8
12340,0.388457,0.791162,0.80,3.53,0,8
12350,0.394685,0.783154,0.80,3.53,0,8
12360,0.389705,0.792090,0.80,3.53,0,8
12370,0.394687,0.787402,0.80,3.54,0,8
12380,0.390200,0.787988,0.80,3.54,0,8
12390,0.396193,0.791113,0.80,3.54,0,8
12400,0.392577,0.787012,0.80,3.54,0,8
12410,0.389883,0.789453,0.80,3.55,0,8
12420,0.388738,0.789062,0.80,3.55,0,8
12430,0.408336,0.779199,0.80,3.55,0,8
12440,0.394432,0.784082,0.80,3.55,0,8
12450,0.405958,0.777734,0.80,3.56,0,8
12460,0.396116,0.788770,0.80,3.56,0,8
12470,0.384410,0.790918,0.80,3.56,0,8
12480,0.388730,0.787842,0.80,2.79,0,8
12490,0.392649,0.788428,0.80,3.57,0,8
12500,0.381074,0.794141,0.80,3.57,0,8
12510,0.392141,0.785889,0.80,3.46,0,8
12520,0.392774,0.787500,0.80,3.47,0,8
12530,0.389099,0.789111,0.80,3.47,0,8
12540,0.389326,0.785986,0.80,3.47,0,8
12550,0.384330,0.794482,0.80,3.47,0,8
12560,0.392686,0.786182,0.80,3.48,0,8
12570,0.398618,0.781885,0.80,3.48,0,8
12580,0.389047,0.789795,0.80,3.48,0,8
12590,0.386688,0.792578,0.80,3.48,0,8
12600,0.395334,0.783594,0.80,3.49,0,8
12610,0.390890,0.789648,0.80,3.49,0,8
12620,0.390397,0.788916,0.80,3.49,0,8
12630,0.383578,0.792090,0.80,3.49,0,8
12640,0.390432,0.791113,0.80,3.50,0,8
12650,0.388645,0.789746,0.80,3.50,0,8
12660,0.392580,0.790332,0.80,3.50,0,8
12670,0.396668,0.786963,0.80,3.50,0,8
12680,0.395018,0.786426,0.80,3.51,0,8
12690,0.385882,0.789160,0.80,3.51,0,8
12700,0.386545,0.788770,0.80,3.51,0,8
12710,0.387152,0.790527,0.80,3.51,0,8
12720,0.398343,0.781738,0.80,3.52,0,8
12730,0.389211,0.788184,0.80,3.52,0,8
12740,0.385887,0.791992,0.80,3.52,0,8
12750,0.380567,0.798096,0.80,3.52,0,8
12760,0.385759,0.791650,0.80,3.53,0,8
12770,0.382843,0.791699,0.80,3.53,0,8
12780,0.388515,0.792773,0.80,3.53,0,8
12790,0.384363,0.790137,0.80,3.53,0,8
12800,0.381171,0.796680,0.80,2.76,0,8
12810,0.378598,0.792480,0.80,4.16,0,8
12820,0.386253,0.785693,0.80,4.16,0,8
12830,0.383879,0.792529,0.80,4.16,0,8
12840,0.388509,0.789893,0.80,4.14,0,8
12850,0.382940,0.791602,0.80,4.15,0,8
12860,0.383387,0.794531,0.80,4.15,0,8
12870,0.387622,0.789258,0.80,3.91,0,8
12880,0.390877,0.791748,0.80,3.91,0,8
12890,0.389956,0.790234,0.80,3.89,0,8
12900,0.384442,0.794482,0.80,3.90,0,8
12910,0.386636,0.790527,0.80,3.90,0,8
12920,0.389001,0.789551,0.80,3.90,0,8
12930,0.392393,0.788330,0.80,3.78,0,8
12940,0.386249,0.788574,0.80,3.79,0,8
12950,0.378847,0.794873,0.80,3.79,0,8
12960,0.376978,0.793359,0.80,3.79,0,8
12970,0.382790,0.788379,0.80,3.79,0,8
12980,0.386323,0.787109,0.80,3.79,0,8
12990,0.389548,0.784814,0.80,3.80,0,8
13000,0.386941,0.789990,0.80,3.68,0,8
13010,0.387054,0.794678,0.80,3.65,0,8
13020,0.378180,0.796729,0.80,3.65,0,8
13030,0.377138,0.797461,0.80,3.65,0,8
13040,0.376197,0.796680,0.80,3.66,0,8
13050,0.384127,0.793164,0.80,3.66,0,8
13060,0.381270,0.790332,0.80,3.60,0,8
13070,0.374847,0.795557,0.80,3.60,0,8
13080,0.386007,0.783740,0.80,3.60,0,8
13090,0.384684,0.794336,0.80,3.60,0,8
13100,0.378940,0.790186,0.80,3.61,0,8
13110,0.386268,0.791699,0.80,3.61,0,8
13120,0.383074,0.789258,0.80,2.69,0,8
13130,0.380397,0.794141,0.80,3.58,0,8
13140,0.377269,0.797949,0.80,3.59,0,8
13150,0.378762,0.795996,0.80,3.59,0,8
13160,0.386543,0.792139,0.80,3.59,0,8
13170,0.386351,0.793457,0.80,3.59,0,8
13180,0.378688,0.795654,0.80,3.60,0,8
13190,0.376265,0.793848,0.80,3.57,0,8
13200,0.374084,0.795898,0.80,3.57,0,8
13210,0.378275,0.793408,0.80,3.58,0,8
13220,0.380030,0.791211,0.80,3.58,0,8
13230,0.371962,0.796094,0.80,3.58,0,8
13240,0.377923,0.793311,0.80,3.58,0,8
13250,0.386091,0.786523,0.80,3.57,0,8
13260,0.377581,0.796240,0.80,3.57,0,8
13270,0.379073,0.796045,0.80,3.58,0,8
13280,0.373869,0.801514,0.80,3.58,0,8
13290,0.380086,0.795752,0.80,3.58,0,8
13300,0.368475,0.802930,0.80,3.58,0,8
13310,0.382883,0.792773,0.80,3.59,0,8
13320,0.376249,0.794531,0.80,3.58,0,8
13330,0.379454,0.792236,0.80,3.58,0,8
13340,0.386559,0.790967,0.80,3.59,0,8
13350,0.374732,0.795801,0.80,3.59,0,8
13360,0.386974,0.787354,0.80,3.59,0,8
13370,0.380098,0.792188,0.80,3.59,0,8
13380,0.379382,0.793408,0.80,3.59,0,8
13390,0.373466,0.796680,0.80,3.59,0,8
13400,0.369673,0.799316,0.80,3.59,0,8
13410,0.375850,0.797705,0.80,3.59,0,8
13420,0.380247,0.795215,0.80,3.60,0,8
13430,0.374763,0.799414,0.80,3.60,0,8
13440,0.378606,0.797998,0.80,2.76,0,8
13450,0.377300,0.793994,0.80,3.60,0,8
13460,0.373442,0.791895,0.80,3.60,0,8
13470,0.371439,0.797070,0.80,3.60,0,8
13480,0.381308,0.790039,0.80,3.60,0,8
13490,0.383836,0.788965,0.80,3.61,0,8
13500,0.379894,0.790771,0.80,3.61,0,8
13510,0.376932,0.793701,0.80,3.50,0,8
13520,0.375533,0.797363,0.80,3.50,0,8
13530,0.375385,0.799658,0.80,3.50,0,8
13540,0.377419,0.795264,0.80,3.51,0,8
13550,0.373118,0.800244,0.80,3.51,0,8
13560,0.373445,0.798975,0.80,3.51,0,8
13570,0.368756,0.803027,0.80,3.51,0,8
13580,0.363091,0.802979,0.80,3.51,0,8
13590,0.389551,0.791406,0.80,3.51,0,8
13600,0.382631,0.789355,0.80,3.51,0,8
13610,0.368669,0.799805,0.80,3.52,0,8
13620,0.377264,0.794873,0.80,3.52,0,8
13630,0.369463,0.798535,0.80,3.52,0,8
13640,0.372706,0.796338,0.80,3.51,0,8
13650,0.372550,0.799121,0.80,3.52,0,8
13660,0.370465,0.798877,0.80,3.52,0,8
13670,0.376382,0.796484,0.80,3.52,0,8
13680,0.365755,0.800000,0.80,3.52,0,8
13690,0.367959,0.801074,0.80,3.53,0,8
13700,0.371759,0.799805,0.80,3.52,0,8
13710,0.365391,0.804541,0.80,3.52,0,8
13720,0.374308,0.800537,0.80,3.53,0,8
13730,0.372947,0.799365,0.80,3.53,0,8
13740,0.366262,0.799854,0.80,3.53,0,8
13750,0.374649,0.796484,0.80,3.53,0,8
13760,0.366419,0.804443,0.80,2.74,0,8
13770,0.374450,0.797021,0.80,3.53,0,8
13780,0.376359,0.800684,0.80,3.53,0,8
13790,0.365661,0.800146,0.80,3.54,0,8
13800,0.366553,0.798193,0.80,3.54,0,8
13810,0.369112,0.797803,0.80,3.54,0,8
13820,0.370771,0.796387,0.80,3.54,0,8
13830,0.371159,0.801465,0.80,3.54,0,8
13840,0.365799,0.802734,0.80,3.54,0,8
13850,0.378146,0.793457,0.80,3.54,0,8
13860,0.367024,0.802197,0.80,3.55,0,8
13870,0.367896,0.801660,0.80,3.55,0,8
13880,0.365445,0.800244,0.80,3.55,0,8
13890,0.376646,0.793018,0.80,3.54,0,8
13900,0.368169,0.797607,0.80,3.55,0,8
13910,0.374363,0.793115,0.80,3.55,0,8
13920,0.374122,0.794580,0.80,3.55,0,8
13930,0.366027,0.799561,0.80,3.55,0,8
13940,0.365804,0.801270,0.80,3.56,0,8
13950,0.369116,0.799756,0.80,3.56,0,8
13960,0.368434,0.797070,0.80,3.56,0,8
13970,0.383855,0.791113,0.80,3.56,0,8
13980,0.362330,0.805029,0.80,3.57,0,8
13990,0.370070,0.798047,0.80,3.57,0,8
14000,0.364442,0.805713,0.80,3.57,0,8
14010,0.367404,0.798633,0.80,3.46,0,8
14020,0.364673,0.801123,0.80,3.46,0,8
14030,0.362526,0.805029,0.80,3.47,0,8
14040,0.368024,0.798682,0.80,3.47,0,8
14050,0.370993,0.798730,0.80,3.47,0,8
14060,0.372066,0.795264,0.80,3.47,0,8
14070,0.362240,0.803516,0.80,3.48,0,8
14080,0.368061,0.798779,0.80,2.70,0,8
14090,0.368577,0.797852,0.80,3.48,0,8
14100,0.371183,0.798047,0.80,3.48,0,8
14110,0.366951,0.797949,0.80,3.49,0,8
14120,0.364231,0.802051,0.80,3.49,0,8
14130,0.365365,0.799756,0.80,3.49,0,8
14140,0.360835,0.803320,0.80,3.49,0,8
14150,0.365775,0.799951,0.80,3.50,0,8
14160,0.366829,0.796631,0.80,3.50,0,8
14170,0.362866,0.802588,0.80,3.50,0,8
14180,0.366689,0.806885,0.80,3.50,0,8
14190,0.365295,0.800146,0.80,3.51,0,8
14200,0.364072,0.798926,0.80,3.51,0,8
14210,0.372531,0.799170,0.80,3.51,0,8
14220,0.373696,0.799805,0.80,3.51,0,8
14230,0.369564,0.795947,0.80,3.52,0,8
14240,0.365980,0.798730,0.80,3.52,0,8
14250,0.364707,0.801465,0.80,3.52,0,8
14260,0.362744,0.799951,0.80,3.52,0,8
14270,0.365104,0.801025,0.80,3.53,0,8
14280,0.360762,0.803027,0.80,3.53,0,8
14290,0.364881,0.799316,0.80,3.53,0,8
14300,0.370319,0.801221,0.80,3.53,0,8
14310,0.357612,0.804785,0.80,3.54,0,8
14320,0.356585,0.808545,0.80,3.54,0,8
14330,0.357391,0.804688,0.80,3.54,0,8
14340,0.365582,0.803223,0.80,3.54,0,8
14350,0.367018,0.798828,0.80,3.55,0,8
14360,0.366516,0.802100,0.80,3.55,0,8
14370,0.357264,0.808398,0.80,3.55,0,8
14380,0.360249,0.803613,0.80,3.55,0,8
14390,0.363283,0.803564,0.80,3.56,0,8
14400,0.360140,0.803857,0.80,2.78,0,8
14410,0.352103,0.804590,0.80,4.22,0,8
14420,0.362280,0.801221,0.80,4.17,0,8
14430,0.356931,0.801318,0.80,4.17,0,8
14440,0.351385,0.807227,0.80,4.15,0,8
14450,0.353123,0.807031,0.80,4.15,0,8
14460,0.354806,0.805664,0.80,4.15,0,8
14470,0.361346,0.803613,0.80,3.93,0,8
14480,0.358104,0.805176,0.80,3.93,0,8
14490,0.361000,0.804102,0.80,3.93,0,8
14500,0.355103,0.807178,0.80,3.93,0,8
14510,0.365310,0.802197,0.80,3.84,0,8
14520,0.357368,0.802246,0.80,3.85,0,8
14530,0.365881,0.800342,0.80,3.73,0,8
14540,0.349696,0.810889,0.80,3.77,0,8
14550,0.355043,0.809766,0.80,3.77,0,8
14560,0.349338,0.806396,0.80,3.77,0,8
14570,0.350198,0.810547,0.80,3.77,0,8
14580,0.359884,0.801465,0.80,3.78,0,8
14590,0.356364,0.801758,0.80,3.78,0,8
14600,0.349437,0.805469,0.80,3.66,0,8
14610,0.350392,0.807764,0.80,3.67,0,8
14620,0.359236,0.803613,0.80,3.67,0,8
14630,0.363980,0.803418,0.80,3.67,0,8
14640,0.363784,0.802930,0.80,3.67,0,8
14650,0.353374,0.805566,0.80,3.68,0,8
14660,0.355976,0.805176,0.80,3.61,0,8
14670,0.348809,0.812549,0.80,3.61,0,8
14680,0.357674,0.801172,0.80,3.62,0,8
14690,0.360070,0.798730,0.80,3.62,0,8
14700,0.354135,0.805811,0.80,3.62,0,8
14710,0.357058,0.802783,0.80,3.62,0,8
14720,0.346420,0.806982,0.80,2.70,0,8
14730,0.352351,0.806104,0.80,3.60,0,8
14740,0.349770,0.807178,0.80,3.60,0,8
14750,0.357357,0.803662,0.80,3.60,0,8
14760,0.351870,0.806445,0.80,3.61,0,8
14770,0.355993,0.804053,0.80,3.61,0,8
14780,0.351863,0.809277,0.80,3.61,0,8
14790,0.347875,0.810693,0.80,3.59,0,8
14800,0.346501,0.809229,0.80,3.59,0,8
14810,0.357493,0.807617,0.80,3.59,0,8
14820,0.350211,0.807422,0.80,3.59,0,8
14830,0.359980,0.804980,0.80,3.60,0,8
14840,0.350151,0.809277,0.80,3.60,0,8
14850,0.349740,0.805176,0.80,3.59,0,8
14860,0.358153,0.805469,0.80,3.59,0,8
14870,0.360578,0.798828,0.80,3.59,0,8
14880,0.364760,0.800098,0.80,3.59,0,8
14890,0.371110,0.797119,0.80,3.60,0,8
14900,0.358939,0.803516,0.80,3.60,0,8
14910,0.354654,0.803027,0.80,3.60,0,8
14920,0.342905,0.809863,0.80,3.60,0,8
14930,0.350712,0.811475,0.80,3.60,0,8
14940,0.348328,0.808691,0.80,3.50,0,8
14950,0.349206,0.809521,0.80,3.51,0,8
14960,0.350072,0.806787,0.80,3.51,0,8
14970,0.360986,0.800830,0.80,3.51,0,8
14980,0.353994,0.808398,0.80,3.51,0,8
14990,0.340125,0.811182,0.80,3.51,0,8
15000,0.354699,0.805078,0.80,3.51,0,8
15010,0.349230,0.806738,0.80,3.50,0,8
15020,0.355420,0.808984,0.80,3.51,0,8
15030,0.350922,0.810107,0.80,3.51,0,8
15040,0.356914,0.807129,0.80,2.68,0,8
15050,0.346598,0.812500,0.80,3.51,0,8
15060,0.357261,0.804639,0.80,3.51,0,8
15070,0.348218,0.807373,0.80,3.51,0,8
15080,0.346277,0.811182,0.80,3.52,0,8
15090,0.348543,0.807617,0.80,3.52,0,8
15100,0.352713,0.807422,0.80,3.52,0,8
15110,0.352770,0.804980,0.80,3.52,0,8
15120,0.352107,0.808691,0.80,3.52,0,8
15130,0.353727,0.803564,0.80,3.52,0,8
15140,0.358258,0.804834,0.80,3.52,0,8
15150,0.347219,0.810889,0.80,3.53,0,8
15160,0.352732,0.807178,0.80,3.53,0,8
15170,0.351006,0.809277,0.80,3.52,0,8
15180,0.351686,0.805908,0.80,3.52,0,8
15190,0.346897,0.806738,0.80,3.53,0,8
15200,0.350992,0.802197,0.80,3.53,0,8
15210,0.348337,0.808545,0.80,3.53,0,8
15220,0.345132,0.813135,0.80,3.53,0,8
15230,0.342230,0.812793,0.80,3.54,0,8
15240,0.349624,0.811133,0.80,3.53,0,8
15250,0.352551,0.804834,0.80,3.53,0,8
15260,0.352725,0.806348,0.80,3.54,0,8
15270,0.347711,0.811475,0.80,3.54,0,8
15280,0.356704,0.804150,0.80,3.54,0,8
15290,0.351330,0.806152,0.80,3.54,0,8
15300,0.354694,0.805566,0.80,3.54,0,8
15310,0.335006,0.814063,0.80,3.54,0,8
15320,0.343905,0.812305,0.80,3.54,0,8
15330,0.358139,0.806006,0.80,3.55,0,8
15340,0.340553,0.813623,0.80,3.55,0,8
15350,0.333713,0.815869,0.80,3.55,0,8
15360,0.345738,0.810205,0.80,2.75,0,8
15370,0.357530,0.801172,0.80,3.55,0,8
15380,0.347648,0.807227,0.80,3.55,0,8
15390,0.359938,0.796582,0.80,3.55,0,8
15400,0.347305,0.809766,0.80,3.56,0,8
15410,0.356835,0.800537,0.80,3.56,0,8
15420,0.349278,0.804785,0.80,3.56,0,8
15430,0.340878,0.810645,0.80,3.55,0,8
15440,0.340793,0.808789,0.80,3.56,0,8
15450,0.344210,0.808545,0.80,3.56,0,8
15460,0.333910,0.814160,0.80,3.56,0,8
15470,0.346940,0.809424,0.80,3.56,0,8
15480,0.341550,0.809521,0.80,3.57,0,8
15490,0.336793,0.811572,0.80,3.56,0,8
15500,0.349044,0.805713,0.80,3.56,0,8
15510,0.344447,0.809912,0.80,3.48,0,8
15520,0.345253,0.806641,0.80,3.48,0,8
15530,0.341102,0.808252,0.80,3.48,0,8
15540,0.345500,0.804883,0.80,3.49,0,8
15550,0.348825,0.804785,0.80,3.49,0,8
15560,0.344560,0.808643,0.80,3.49,0,8
15570,0.341592,0.811279,0.80,3.49,0,8
15580,0.338935,0.814600,0.80,3.50,0,8
15590,0.334663,0.815381,0.80,3.50,0,8
15600,0.350406,0.804980,0.80,3.50,0,8
15610,0.341565,0.807568,0.80,3.50,0,8
15620,0.345596,0.805762,0.80,3.51,0,8
15630,0.344001,0.807422,0.80,3.51,0,8
15640,0.343051,0.805811,0.80,3.51,0,8
15650,0.351209,0.805029,0.80,3.51,0,8
15660,0.345910,0.805615,0.80,3.52,0,8
15670,0.354525,0.805078,0.80,3.52,0,8
15680,0.346629,0.807129,0.80,2.75,0,8
15690,0.333838,0.815918,0.80,3.52,0,8
15700,0.335985,0.816748,0.80,3.53,0,8
15710,0.349047,0.808350,0.80,3.53,0,8
15720,0.337943,0.811816,0.80,3.53,0,8
15730,0.334109,0.813379,0.80,3.53,0,8
15740,0.334075,0.816943,0.80,3.54,0,8
15750,0.334939,0.811865,0.80,3.54,0,8
15760,0.343333,0.810742,0.80,3.54,0,8
15770,0.347370,0.808545,0.80,3.54,0,8
15780,0.354869,0.808008,0.80,3.55,0,8
15790,0.336682,0.814258,0.80,3.55,0,8
15800,0.344516,0.805078,0.80,3.55,0,8
15810,0.344668,0.808984,0.80,3.55,0,8
15820,0.331394,0.816602,0.80,3.56,0,8
15830,0.330998,0.815430,0.80,3.56,0,8
15840,0.332582,0.818018,0.80,3.56,0,8
15850,0.342649,0.809180,0.80,3.56,0,8
15860,0.335183,0.816699,0.80,3.57,0,8
15870,0.341193,0.811084,0.80,3.57,0,8
15880,0.336675,0.812842,0.80,3.57,0,8
15890,0.341862,0.811377,0.80,3.57,0,8
15900,0.334865,0.814404,0.80,3.58,0,8
15910,0.336771,0.815576,0.80,3.58,0,8
15920,0.339578,0.815479,0.80,3.58,0,8
15930,0.341504,0.811230,0.80,3.58,0,8
15940,0.341306,0.812695,0.80,3.59,0,8
15950,0.338318,0.811230,0.80,3.59,0,8
15960,0.334551,0.815088,0.80,3.59,0,8
15970,0.342529,0.809717,0.80,3.59,0,8
15980,0.339611,0.808984,0.80,3.59,0,8
15990,0.330146,0.815771,0.80,3.60,0,8
16000,0.336718,0.815283,0.80,2.83,0,8
16010,0.350898,0.808057,0.80,4.11,0,8
16020,0.342279,0.807178,0.80,4.11,0,8
16030,0.349003,0.806494,0.80,4.12,0,8
16040,0.339655,0.809570,0.80,4.13,0,8
16050,0.345151,0.809033,0.80,4.13,0,8
16060,0.341917,0.812646,0.80,4.14,0,8
16070,0.341446,0.807324,0.80,3.92,0,8
16080,0.339843,0.812939,0.80,3.93,0,8
16090,0.336185,0.811182,0.80,3.93,0,8
16100,0.340297,0.808398,0.80,3.93,0,8
16110,0.337879,0.815967,0.80,3.93,0,8
16120,0.338922,0.811475,0.80,3.94,0,8
16130,0.337118,0.811475,0.80,3.82,0,8
16140,0.336825,0.816943,0.80,3.82,0,8
16150,0.336868,0.814111,0.80,3.82,0,8
16160,0.334072,0.817676,0.80,3.83,0,8
16170,0.331624,0.816553,0.80,3.83,0,8
16180,0.351530,0.803955,0.80,3.83,0,8
16190,0.338172,0.808936,0.80,3.83,0,8
16200,0.335645,0.815723,0.80,3.72,0,8
16210,0.333712,0.816309,0.80,3.72,0,8
16220,0.335406,0.812402,0.80,3.72,0,8
16230,0.335971,0.813770,0.80,3.72,0,8
16240,0.336975,0.812939,0.80,3.73,0,8
16250,0.345930,0.811768,0.80,3.73,0,8
16260,0.336048,0.814111,0.80,3.66,0,8
16270,0.341388,0.812695,0.80,3.67,0,8
16280,0.334357,0.818848,0.80,3.67,0,8
16290,0.332325,0.814844,0.80,3.67,0,8
16300,0.345311,0.809863,0.80,3.67,0,8
16310,0.337201,0.815039,0.80,3.67,0,8
16320,0.336977,0.813086,0.80,2.75,0,8
16330,0.338938,0.810449,0.80,3.65,0,8
16340,0.335110,0.812158,0.80,3.65,0,8
16350,0.337609,0.812109,0.80,3.66,0,8
16360,0.347655,0.807422,0.80,3.66,0,8
16370,0.333847,0.815967,0.80,3.66,0,8
16380,0.338516,0.811914,0.80,3.66,0,8
16390,0.334394,0.815088,0.80,3.64,0,8
16400,0.332842,0.812939,0.80,3.64,0,8
16410,0.335044,0.814453,0.80,3.64,0,8
16420,0.332408,0.817578,0.80,3.65,0,8
16430,0.329462,0.813574,0.80,3.65,0,8
16440,0.331447,0.813770,0.80,3.65,0,8
16450,0.334030,0.816602,0.80,3.64,0,8
16460,0.332085,0.815918,0.80,3.64,0,8
16470,0.344394,0.805127,0.80,3.64,0,8
16480,0.327542,0.816650,0.80,3.65,0,8
16490,0.326446,0.816064,0.80,3.65,0,8
16500,0.334271,0.814111,0.80,3.65,0,8
16510,0.330695,0.814697,0.80,3.53,0,8
16520,0.331623,0.814404,0.80,3.52,0,8
16530,0.330005,0.816699,0.80,3.53,0,8
16540,0.332619,0.815625,0.80,3.53,0,8
16550,0.334446,0.811963,0.80,3.53,0,8
16560,0.326823,0.819189,0.80,3.53,0,8
16570,0.337665,0.811621,0.80,3.54,0,8
16580,0.330921,0.813281,0.80,3.53,0,8
16590,0.333067,0.815381,0.80,3.53,0,8
16600,0.323114,0.820312,0.80,3.54,0,8
16610,0.334163,0.814111,0.80,3.54,0,8
16620,0.331091,0.816064,0.80,3.54,0,8
16630,0.333754,0.812744,0.80,3.54,0,8
16640,0.329446,0.817041,0.80,2.71,0,8
16650,0.324877,0.818994,0.80,3.54,0,8
16660,0.327000,0.816113,0.80,3.54,0,8
16670,0.327868,0.816748,0.80,3.55,0,8
16680,0.341790,0.814648,0.80,3.55,0,8
16690,0.336813,0.813379,0.80,3.55,0,8
16700,0.332953,0.815137,0.80,3.55,0,8
16710,0.333869,0.812549,0.80,3.55,0,8
16720,0.330545,0.815381,0.80,3.55,0,8
16730,0.324814,0.813525,0.80,3.55,0,8
16740,0.336606,0.811963,0.80,3.55,0,8
16750,0.321965,0.819971,0.80,3.56,0,8
16760,0.332429,0.814355,0.80,3.56,0,8
16770,0.331799,0.814209,0.80,3.55,0,8
16780,0.328530,0.815088,0.80,3.56,0,8
16790,0.326279,0.816797,0.80,3.56,0,8
16800,0.323515,0.820703,0.80,3.56,0,8
16810,0.330958,0.817334,0.80,3.56,0,8
16820,0.326721,0.815430,0.80,3.57,0,8
16830,0.326401,0.815576,0.80,3.57,0,8
16840,0.325357,0.815723,0.80,3.56,0,8
16850,0.319578,0.820312,0.80,3.57,0,8
16860,0.326644,0.820264,0.80,3.57,0,8
16870,0.325617,0.821289,0.80,3.57,0,8
16880,0.326697,0.820264,0.80,3.57,0,8
16890,0.328289,0.816846,0.80,3.58,0,8
16900,0.333399,0.811328,0.80,3.57,0,8
16910,0.325962,0.820898,0.80,3.57,0,8
16920,0.331568,0.817236,0.80,3.57,0,8
16930,0.326351,0.818018,0.80,3.58,0,8
16940,0.324481,0.818506,0.80,3.58,0,8
16950,0.325658,0.820605,0.80,3.58,0,8
16960,0.324244,0.821973,0.80,2.79,0,8
16970,0.323452,0.814209,0.80,3.58,0,8
16980,0.323899,0.817041,0.80,3.58,0,8
16990,0.321879,0.818457,0.80,3.58,0,8
17000,0.325859,0.819043,0.80,3.59,0,8
17010,0.321214,0.820020,0.80,3.47,0,8
17020,0.329395,0.816211,0.80,3.48,0,8
17030,0.322981,0.818359,0.80,3.47,0,8
17040,0.322004,0.820752,0.80,3.47,0,8
17050,0.319758,0.820752,0.80,3.48,0,8
17060,0.313848,0.818213,0.80,3.48,0,8
17070,0.317520,0.822754,0.80,3.48,0,8
17080,0.317767,0.820117,0.80,3.48,0,8
17090,0.317382,0.822363,0.80,3.48,0,8
17100,0.316393,0.825830,0.80,3.48,0,8
17110,0.322871,0.817383,0.80,3.48,0,8
17120,0.320043,0.817920,0.80,3.49,0,8
17130,0.323018,0.815479,0.80,3.49,0,8
17140,0.327082,0.815674,0.80,3.49,0,8
17150,0.317999,0.825146,0.80,3.49,0,8
17160,0.328791,0.815674,0.80,3.50,0,8
17170,0.318846,0.824072,0.80,3.50,0,8
17180,0.320235,0.825879,0.80,3.50,0,8
17190,0.325606,0.824072,0.80,3.50,0,8
17200,0.326020,0.820947,0.80,3.51,0,8
17210,0.322798,0.822705,0.80,3.51,0,8
17220,0.326469,0.815918,0.80,3.51,0,8
17230,0.319267,0.815479,0.80,3.51,0,8
17240,0.323617,0.815723,0.80,3.52,0,8
17250,0.325611,0.817969,0.80,3.52,0,8
17260,0.321658,0.817969,0.80,3.52,0,8
17270,0.317559,0.817773,0.80,3.52,0,8
17280,0.321615,0.819824,0.80,2.75,0,8
17290,0.318722,0.820264,0.80,3.53,0,8
17300,0.331766,0.818604,0.80,3.53,0,8
17310,0.328083,0.813916,0.80,3.53,0,8
17320,0.349063,0.809717,0.70,4.13,1,16
17330,0.358297,0.805615,0.70,3.90,1,16
17340,0.346850,0.810791,0.70,3.89,1,16
17350,0.350003,0.805566,0.70,3.89,1,16
17360,0.343571,0.806543,0.70,3.89,1,16
17370,0.344987,0.807080,0.70,3.89,1,16
17380,0.346481,0.807129,0.70,3.89,1,16
17390,0.346092,0.806519,0.70,3.89,1,16
17400,0.345356,0.807153,0.70,3.88,1,16
17410,0.348784,0.805103,0.70,3.88,1,16
17420,0.348640,0.810498,0.70,3.89,1,16
17430,0.345669,0.809302,0.70,3.84,1,16
17440,0.349995,0.806006,0.70,3.86,1,16
17450,0.350558,0.807178,0.70,3.72,1,16
17460,0.346112,0.807031,0.70,3.72,1,16
17470,0.351573,0.809985,0.70,3.72,1,16
17480,0.345798,0.808667,0.70,3.57,1,16
17490,0.343440,0.807959,0.70,3.57,1,16
17500,0.336998,0.812012,0.70,3.58,1,16
17510,0.344242,0.805493,0.70,3.44,1,16
17520,0.339050,0.809937,0.70,3.45,1,16
17530,0.344159,0.807813,0.70,3.46,1,16
17540,0.341771,0.809448,0.70,3.57,1,16
17550,0.341053,0.813379,0.70,3.57,1,16
17560,0.341918,0.814478,0.70,3.57,1,16
17570,0.346790,0.808032,0.70,3.58,1,16
17580,0.341929,0.810083,0.70,3.58,1,16
17590,0.341081,0.812378,0.70,3.58,1,16
17600,0.343070,0.813745,0.70,2.81,1,16
17610,0.344162,0.807642,0.70,3.87,1,16
17620,0.338561,0.810083,0.70,3.87,1,16
17630,0.342358,0.808813,0.70,3.87,1,16
17640,0.338019,0.812817,0.70,3.88,1,16
17650,0.338221,0.812988,0.70,3.88,1,16
17660,0.336500,0.809912,0.70,3.88,1,16
17670,0.340925,0.810864,0.70,3.80,1,16
17680,0.343025,0.814160,0.70,3.80,1,16
17690,0.342234,0.811133,0.70,3.80,1,16
17700,0.342691,0.812524,0.70,3.79,1,16
17710,0.340441,0.811621,0.70,3.80,1,16
17720,0.341440,0.812720,0.70,3.80,1,16
17730,0.343643,0.811914,0.70,3.74,1,16
17740,0.333331,0.811816,0.70,3.73,1,16
17750,0.335605,0.811279,0.70,3.73,1,16
17760,0.337013,0.810449,0.70,3.73,1,16
17770,0.337747,0.811011,0.70,3.74,1,16
17780,0.332259,0.815186,0.70,3.72,1,16
17790,0.335080,0.810791,0.70,3.73,1,16
17800,0.334802,0.814966,0.70,3.67,1,16
17810,0.340942,0.811938,0.70,3.66,1,16
17820,0.338404,0.815454,0.70,3.66,1,16
17830,0.340328,0.813281,0.70,3.66,1,16
17840,0.341470,0.813599,0.70,3.66,1,16
17850,0.340880,0.812866,0.70,3.66,1,16
17860,0.335916,0.816479,0.70,3.62,1,16
17870,0.337207,0.813672,0.70,3.62,1,16
17880,0.327622,0.817017,0.70,3.62,1,16
17890,0.333098,0.815039,0.70,3.62,1,16
17900,0.329964,0.815527,0.70,3.62,1,16
17910,0.330742,0.814160,0.70,3.61,1,16
17920,0.333426,0.817261,0.70,2.81,1,16
17930,0.335501,0.815918,0.70,3.60,1,16
17940,0.327987,0.822095,0.70,3.60,1,16
17950,0.329082,0.819531,0.70,3.60,1,16
17960,0.336999,0.816162,0.70,3.60,1,16
17970,0.337539,0.815723,0.70,3.60,1,16
17980,0.336478,0.816406,0.70,3.60,1,16
17990,0.335857,0.814526,0.70,3.59,1,16
18000,0.328908,0.817310,0.70,3.60,1,16
18010,0.332442,0.814038,0.70,3.33,1,16
18020,0.323891,0.818579,0.70,3.33,1,16
18030,0.326959,0.819067,0.70,3.33,1,16
18040,0.327650,0.818384,0.70,3.44,1,16
18050,0.328426,0.817749,0.70,3.45,1,16
18060,0.345695,0.814551,0.70,3.45,1,16
18070,0.353972,0.812500,0.70,3.45,1,16
18080,0.363128,0.806763,0.70,3.46,1,16
18090,0.358325,0.809668,0.70,3.46,1,16
18100,0.338116,0.818799,0.70,3.46,1,16
18110,0.338450,0.816089,0.70,3.47,1,16
18120,0.324360,0.821948,0.70,3.47,1,16
18130,0.329319,0.819336,0.70,3.47,1,16
18140,0.318136,0.824414,0.70,3.47,1,16
18150,0.326185,0.823511,0.70,3.48,1,16
18160,0.321882,0.822314,0.70,3.48,1,16
18170,0.326020,0.817773,0.70,3.48,1,16
18180,0.326922,0.818530,0.70,3.48,1,16
18190,0.327908,0.818652,0.70,3.49,1,16
18200,0.326207,0.820288,0.70,3.49,1,16
18210,0.333768,0.817554,0.70,3.49,1,16
18220,0.326071,0.818921,0.70,3.49,1,16
18230,0.324299,0.819824,0.70,3.50,1,16
18240,0.320288,0.823853,0.70,2.72,1,16
18250,0.331967,0.815991,0.70,3.50,1,16
18260,0.321260,0.822583,0.70,3.50,1,16
18270,0.312878,0.827075,0.70,3.51,1,16
18280,0.322810,0.823047,0.70,3.51,1,16
18290,0.319583,0.822681,0.70,3.51,1,16
18300,0.323097,0.823462,0.70,3.51,1,16
18310,0.323639,0.822412,0.70,3.52,1,16
18320,0.328048,0.820337,0.70,3.52,1,16
18330,0.332523,0.817847,0.70,3.52,1,16
18340,0.327183,0.819604,0.70,3.52,1,16
18350,0.321910,0.824438,0.70,3.52,1,16
18360,0.321610,0.822510,0.70,3.53,1,16
18370,0.328706,0.817798,0.70,3.53,1,16
18380,0.323570,0.821533,0.70,3.52,1,16
18390,0.317529,0.824487,0.70,3.49,1,16
18400,0.323628,0.822241,0.70,3.48,1,16
18410,0.321280,0.822998,0.70,3.48,1,16
18420,0.325259,0.819507,0.70,3.47,1,16
18430,0.323811,0.820679,0.70,3.47,1,16
18440,0.322458,0.822388,0.70,3.47,1,16
18450,0.322922,0.823462,0.70,3.46,1,16
18460,0.321129,0.823950,0.70,3.47,1,16
18470,0.316236,0.826904,0.70,3.47,1,16
18480,0.318250,0.825562,0.70,3.47,1,16
18490,0.322021,0.821631,0.70,3.47,1,16
18500,0.317227,0.826074,0.70,3.48,1,16
18510,0.318031,0.824463,0.70,3.44,1,16
18520,0.312412,0.829395,0.70,3.45,1,16
18530,0.323080,0.824365,0.70,3.45,1,16
18540,0.315687,0.826465,0.70,3.45,1,16
18550,0.319403,0.822217,0.70,3.46,1,16
18560,0.318876,0.823535,0.70,2.68,1,16
18570,0.324542,0.823706,0.70,3.46,1,16
18580,0.322825,0.825171,0.70,3.46,1,16
18590,0.313286,0.830200,0.70,3.47,1,16
18600,0.313005,0.829736,0.70,3.47,1,16
18610,0.322329,0.825903,0.70,3.47,1,16
18620,0.319297,0.825879,0.70,3.47,1,16
18630,0.319689,0.823218,0.70,3.47,1,16
18640,0.309943,0.828516,0.70,3.47,1,16
18650,0.317923,0.825146,0.70,3.47,1,16
18660,0.314676,0.828003,0.70,3.48,1,16
18670,0.313283,0.827734,0.70,3.48,1,16
18680,0.317283,0.824316,0.70,3.48,1,16
18690,0.310824,0.829736,0.70,3.48,1,16
18700,0.312449,0.828979,0.70,3.49,1,16
18710,0.316116,0.830591,0.70,3.49,1,16
18720,0.316396,0.826270,0.70,3.49,1,16
18730,0.317950,0.828027,0.70,3.49,1,16
18740,0.313418,0.830908,0.70,3.50,1,16
18750,0.317027,0.827466,0.70,3.50,1,16
18760,0.316352,0.827637,0.70,3.49,1,16
18770,0.316162,0.826855,0.70,3.49,1,16
18780,0.317256,0.826416,0.70,3.49,1,16
18790,0.319583,0.825073,0.70,3.50,1,16
18800,0.310310,0.829565,0.70,3.50,1,16
18810,0.313160,0.827881,0.70,3.50,1,16
18820,0.314940,0.830859,0.70,3.49,1,16
18830,0.315574,0.826685,0.70,3.50,1,16
18840,0.311938,0.830762,0.70,3.50,1,16
18850,0.314943,0.828638,0.70,3.49,1,16
18860,0.316824,0.830518,0.70,3.46,1,16
18870,0.315716,0.830347,0.70,3.46,1,16
18880,0.315427,0.831250,0.70,2.68,1,16
18890,0.312020,0.830420,0.70,3.45,1,16
18900,0.309677,0.829810,0.70,3.46,1,16
18910,0.308866,0.829712,0.70,3.46,1,16
18920,0.305715,0.832568,0.70,3.46,1,16
18930,0.307632,0.833423,0.70,3.46,1,16
18940,0.313541,0.829077,0.70,3.46,1,16
18950,0.305247,0.833667,0.70,3.46,1,16
18960,0.303285,0.834961,0.70,3.47,1,16
18970,0.306783,0.832495,0.70,3.47,1,16
18980,0.308805,0.833545,0.70,3.47,1,16
18990,0.308067,0.836523,0.70,3.48,1,16
19000,0.309531,0.830811,0.70,3.47,1,16
19010,0.305631,0.834180,0.70,3.44,1,16
19020,0.306319,0.832007,0.70,3.44,1,16
19030,0.301334,0.833569,0.70,3.44,1,16
19040,0.305329,0.829688,0.70,3.45,1,16
19050,0.306058,0.833398,0.70,3.45,1,16
19060,0.308776,0.830371,0.70,3.45,1,16
19070,0.310669,0.830127,0.70,3.45,1,16
19080,0.300160,0.836108,0.70,3.46,1,16
19090,0.302609,0.836499,0.70,3.46,1,16
19100,0.307220,0.835034,0.70,3.46,1,16
19110,0.303169,0.835645,0.70,3.47,1,16
19120,0.300053,0.837891,0.70,3.47,1,16
19130,0.305058,0.833447,0.70,3.47,1,16
19140,0.310629,0.829785,0.70,3.47,1,16
19150,0.298408,0.838867,0.70,3.48,1,16
19160,0.303954,0.830688,0.70,3.48,1,16
19170,0.297634,0.834790,0.70,3.48,1,16
19180,0.302935,0.831787,0.70,3.48,1,16
19190,0.302438,0.833447,0.70,3.48,1,16
19200,0.304889,0.835107,0.70,2.71,1,16
19210,0.302155,0.835962,0.70,3.72,1,16
19220,0.297703,0.839697,0.70,3.73,1,16
19230,0.299305,0.836377,0.70,3.73,1,16
19240,0.301146,0.838867,0.70,3.73,1,16
19250,0.303730,0.833447,0.70,3.73,1,16
19260,0.295390,0.839258,0.70,3.74,1,16
19270,0.296073,0.836621,0.70,3.65,1,16
19280,0.300089,0.835303,0.70,3.65,1,16
19290,0.297006,0.839160,0.70,3.66,1,16
19300,0.291898,0.838623,0.70,3.66,1,16
19310,0.300890,0.833789,0.70,3.66,1,16
19320,0.307350,0.831323,0.60,3.48,2,32
19330,0.307600,0.832227,0.60,3.42,2,32
19340,0.309348,0.833179,0.60,3.38,2,32
19350,0.308281,0.832300,0.60,3.51,2,32
19360,0.311159,0.834070,0.60,3.52,2,32
19370,0.308347,0.833167,0.60,3.53,2,32
19380,0.306480,0.833606,0.60,3.53,2,32
19390,0.309603,0.833716,0.60,3.53,2,32
19400,0.302053,0.835181,0.60,3.49,2,32
19410,0.305194,0.836206,0.60,3.49,2,32
19420,0.303538,0.834607,0.60,3.50,2,32
19430,0.307349,0.834021,0.60,3.50,2,32
19440,0.301377,0.836963,0.60,3.49,2,32
19450,0.306581,0.832874,0.60,3.49,2,32
19460,0.306056,0.834143,0.60,3.48,2,32
19470,0.306050,0.835925,0.60,3.46,2,32
19480,0.308184,0.835193,0.60,3.46,2,32
19490,0.307160,0.833862,0.60,3.46,2,32
19500,0.313071,0.830615,0.60,3.46,2,32
19510,0.307988,0.834167,0.60,3.44,2,32
19520,0.307310,0.834155,0.60,2.64,2,32
19530,0.297916,0.837878,0.60,3.46,2,32
19540,0.299167,0.837463,0.60,3.46,2,32
19550,0.298516,0.837842,0.60,3.47,2,32
19560,0.301455,0.837073,0.60,3.45,2,32
19570,0.304423,0.836011,0.60,3.32,2,32
19580,0.302174,0.835193,0.60,3.32,2,32
19590,0.301555,0.837109,0.60,3.44,2,32
19600,0.304041,0.836133,0.60,3.44,2,32
19610,0.303291,0.836780,0.60,3.43,2,32
19620,0.304984,0.834644,0.60,3.35,2,32
19630,0.300935,0.838245,0.60,3.33,2,32
19640,0.301188,0.837622,0.60,3.43,2,32
19650,0.301163,0.836475,0.60,3.44,2,32
19660,0.292898,0.840857,0.60,3.44,2,32
19670,0.297114,0.839575,0.60,3.34,2,32
19680,0.293613,0.839709,0.60,3.32,2,32
19690,0.296636,0.838916,0.60,3.42,2,32
19700,0.294231,0.839575,0.60,3.42,2,32
19710,0.297439,0.839087,0.60,3.35,2,32
19720,0.297217,0.840417,0.60,3.32,2,32
19730,0.296209,0.839197,0.60,3.32,2,32
19740,0.297542,0.838892,0.60,3.40,2,32
19750,0.301622,0.837402,0.60,3.41,2,32
19760,0.299025,0.839417,0.60,3.41,2,32
19770,0.300763,0.837756,0.60,3.41,2,32
19780,0.293348,0.840576,0.60,3.32,2,32
19790,0.288538,0.843188,0.60,3.42,2,32
19800,0.296053,0.838367,0.60,3.41,2,32
19810,0.292525,0.842822,0.60,3.30,2,32
19820,0.285791,0.843896,0.60,3.31,2,32
19830,0.286759,0.845410,0.60,3.30,2,32
19840,0.288028,0.843359,0.60,2.63,2,32
19850,0.296035,0.839246,0.60,3.41,2,32
19860,0.294722,0.839453,0.60,3.31,2,32
19870,0.291316,0.841467,0.60,3.30,2,32
19880,0.297630,0.839612,0.60,3.30,2,32
19890,0.299100,0.838818,0.60,3.40,2,32
19900,0.295187,0.839929,0.60,3.40,2,32
19910,0.288653,0.844153,0.60,3.33,2,32
19920,0.287130,0.842273,0.60,3.33,2,32
19930,0.287069,0.844702,0.60,3.30,2,32
19940,0.284562,0.843066,0.60,3.40,2,32
19950,0.286478,0.845276,0.60,3.39,2,32
19960,0.284193,0.844604,0.60,3.39,2,32
19970,0.288568,0.843958,0.60,3.31,2,32
19980,0.292317,0.840894,0.60,3.32,2,32
19990,0.292987,0.842187,0.60,3.39,2,32
20000,0.295483,0.839709,0.60,3.40,2,32
20010,0.293817,0.839905,0.60,3.40,2,32
20020,0.294004,0.840991,0.60,3.41,2,32
20030,0.290432,0.842712,0.60,3.41,2,32
20040,0.283554,0.845447,0.60,3.42,2,32
20050,0.281113,0.847644,0.60,3.42,2,32
20060,0.279512,0.848779,0.60,3.42,2,32
20070,0.283377,0.844312,0.60,3.42,2,32
20080,0.281264,0.846582,0.60,3.41,2,32
20090,0.281649,0.845557,0.60,3.41,2,32
20100,0.284782,0.844543,0.60,3.42,2,32
20110,0.290914,0.843542,0.60,3.42,2,32
20120,0.291343,0.842346,0.60,3.42,2,32
20130,0.290541,0.842505,0.60,3.42,2,32
20140,0.288963,0.842664,0.60,3.42,2,32
20150,0.287976,0.845532,0.60,3.42,2,32
20160,0.284669,0.846948,0.60,2.61,2,32
20170,0.278259,0.846619,0.60,3.36,2,32
20180,0.278175,0.849109,0.60,3.36,2,32
20190,0.283560,0.843579,0.60,3.38,2,32
20200,0.281336,0.846558,0.60,3.40,2,32
20210,0.278984,0.847766,0.60,3.28,2,32
20220,0.275861,0.849194,0.60,3.28,2,32
20230,0.284910,0.845752,0.60,3.28,2,32
20240,0.291519,0.844861,0.60,3.28,2,32
20250,0.288791,0.845935,0.60,3.38,2,32
20260,0.292589,0.843262,0.60,3.28,2,32
20270,0.290592,0.844092,0.60,3.27,2,32
20280,0.286479,0.845862,0.60,3.28,2,32
20290,0.285074,0.847888,0.60,3.30,2,32
20300,0.277228,0.848938,0.60,3.38,2,32
20310,0.276968,0.849841,0.60,3.27,2,32
20320,0.275442,0.848999,0.60,3.28,2,32
20330,0.278145,0.849182,0.60,3.28,2,32
20340,0.279383,0.848352,0.60,3.27,2,32
20350,0.275178,0.849231,0.60,3.38,2,32
20360,0.282087,0.850354,0.60,3.28,2,32
20370,0.285901,0.849658,0.60,3.29,2,32
20380,0.283875,0.850366,0.60,3.26,2,32
20390,0.286421,0.849292,0.60,3.27,2,32
20400,0.285983,0.849927,0.60,3.37,2,32
20410,0.287949,0.847461,0.60,3.29,2,32
20420,0.279640,0.850427,0.60,3.27,2,32
20430,0.271103,0.851184,0.60,3.28,2,32
20440,0.269230,0.852344,0.60,3.27,2,32
20450,0.267781,0.853650,0.60,3.37,2,32
20460,0.271949,0.852515,0.60,3.29,2,32
20470,0.273699,0.851001,0.60,3.28,2,32
20480,0.266978,0.854761,0.60,2.53,2,32
20490,0.278521,0.854321,0.60,3.39,2,32
20500,0.286577,0.849158,0.60,3.38,2,32
20510,0.286304,0.848987,0.60,3.28,2,32
20520,0.281110,0.852209,0.60,3.29,2,32
20530,0.284718,0.849939,0.60,3.26,2,32
20540,0.284060,0.850562,0.60,3.38,2,32
20550,0.270229,0.855261,0.60,3.36,2,32
20560,0.267447,0.853918,0.60,3.40,2,32
20570,0.264890,0.855127,0.60,3.40,2,32
20580,0.266496,0.855249,0.60,3.29,2,32
20590,0.262953,0.855261,0.60,3.40,2,32
20600,0.264413,0.855078,0.60,3.40,2,32
20610,0.269800,0.852197,0.60,3.41,2,32
20620,0.282495,0.850452,0.60,3.41,2,32
20630,0.281083,0.851111,0.60,3.41,2,32
20640,0.279016,0.851367,0.60,3.41,2,32
20650,0.285630,0.849707,0.60,3.42,2,32
20660,0.284657,0.848730,0.60,3.39,2,32
20670,0.280111,0.849841,0.60,3.30,2,32
20680,0.267429,0.854651,0.60,3.31,2,32
20690,0.259905,0.856970,0.60,3.41,2,32
20700,0.262303,0.856372,0.60,3.40,2,32
20710,0.259009,0.858887,0.60,3.39,2,32
20720,0.261469,0.857849,0.60,3.30,2,32
20730,0.262274,0.855493,0.60,3.30,2,32
20740,0.269193,0.852515,0.60,3.41,2,32
20750,0.279611,0.852551,0.60,3.41,2,32
20760,0.276553,0.852576,0.60,3.39,2,32
20770,0.277524,0.851599,0.60,3.29,2,32
20780,0.277277,0.851318,0.60,3.30,2,32
20790,0.275722,0.851233,0.60,3.40,2,32
20800,0.276926,0.853613,0.60,2.63,2,32
20810,0.257155,0.856689,0.60,3.63,2,32
20820,0.254745,0.860315,0.60,3.63,2,32
20830,0.256994,0.858789,0.60,3.63,2,32
20840,0.257731,0.856616,0.60,3.72,2,32
20850,0.256626,0.859216,0.60,3.73,2,32
20860,0.256357,0.859131,0.60,3.61,2,32
20870,0.268192,0.855725,0.60,3.45,2,32
20880,0.278340,0.851233,0.60,3.43,2,32
20890,0.276532,0.851428,0.60,3.45,2,32
20900,0.273973,0.854541,0.60,3.55,2,32
20910,0.276863,0.852795,0.60,3.44,2,32
20920,0.283543,0.849536,0.60,3.44,2,32
20930,0.274381,0.851990,0.60,3.41,2,32
20940,0.254347,0.859753,0.60,3.40,2,32
20950,0.254373,0.858508,0.60,3.49,2,32
20960,0.252855,0.859570,0.60,3.39,2,32
20970,0.254068,0.859839,0.60,3.38,2,32
20980,0.254205,0.859595,0.60,3.38,2,32
20990,0.253657,0.859705,0.60,3.39,2,32
21000,0.266854,0.856042,0.60,3.46,2,32
21010,0.270257,0.855981,0.60,3.36,2,32
21020,0.265860,0.857373,0.60,3.37,2,32
21030,0.268732,0.856067,0.60,3.36,2,32
21040,0.268492,0.855493,0.60,3.48,2,32
21050,0.269033,0.854810,0.60,3.48,2,32
21060,0.270253,0.855005,0.60,3.38,2,32
21070,0.248988,0.861682,0.60,3.37,2,32
21080,0.249937,0.861401,0.60,3.36,2,32
21090,0.249621,0.861938,0.60,3.36,2,32
21100,0.248718,0.863379,0.60,3.45,2,32
21110,0.248020,0.862793,0.60,3.37,2,32
21120,0.250516,0.861145,0.60,2.51,2,32
21130,0.268356,0.854895,0.60,3.35,2,32
21140,0.265048,0.856689,0.60,3.35,2,32
21150,0.268221,0.855457,0.60,3.45,2,32
21160,0.278578,0.850989,0.60,3.35,2,32
21170,0.291188,0.846497,0.60,3.36,2,32
21180,0.275163,0.852917,0.60,3.35,2,32
21190,0.256404,0.859729,0.60,3.35,2,32
21200,0.248379,0.865479,0.60,3.43,2,32
21210,0.245861,0.864832,0.60,3.33,2,32
21220,0.246566,0.865161,0.60,3.33,2,32
21230,0.246538,0.864172,0.60,3.33,2,32
21240,0.249716,0.863770,0.60,3.34,2,32
21250,0.250379,0.862463,0.60,3.44,2,32
21260,0.295046,0.845776,0.60,3.32,2,32
21270,0.303704,0.843665,0.60,3.32,2,32
21280,0.309419,0.840198,0.60,3.32,2,32
21290,0.312134,0.838660,0.60,3.33,2,32
21300,0.295227,0.845654,0.60,3.41,2,32
21310,0.292168,0.845251,0.60,3.32,2,32
21320,0.264088,0.858704,0.60,3.31,2,32
21330,0.247392,0.865002,0.60,3.32,2,32
21340,0.247117,0.865710,0.60,3.32,2,32
21350,0.248972,0.865112,0.60,3.42,2,32
21360,0.250212,0.862988,0.60,3.30,2,32
21370,0.251121,0.863538,0.60,3.29,2,32
21380,0.252392,0.864563,0.60,3.31,2,32
21390,0.264841,0.854468,0.60,3.30,2,32
21400,0.268941,0.853430,0.60,3.40,2,32
21410,0.262442,0.854248,0.60,3.30,2,32
21420,0.266127,0.852917,0.60,3.30,2,32
21430,0.262054,0.856079,0.60,3.29,2,32
21440,0.263419,0.856458,0.60,2.51,2,32
21450,0.246763,0.865833,0.60,3.39,2,32
21460,0.249229,0.865625,0.60,3.29,2,32
21470,0.246115,0.867639,0.60,3.29,2,32
21480,0.245687,0.867041,0.60,3.28,2,32
21490,0.248100,0.865393,0.60,3.29,2,32
21500,0.248451,0.866846,0.60,3.39,2,32
21510,0.260676,0.857275,0.60,3.41,2,32
21520,0.269575,0.854248,0.60,3.31,2,32
21530,0.278057,0.852673,0.60,3.30,2,32
21540,0.285535,0.847375,0.60,3.40,2,32
21550,0.277929,0.851196,0.60,3.37,2,32
21560,0.254638,0.858435,0.60,3.28,2,32
21570,0.252469,0.859985,0.60,3.29,2,32
21580,0.244143,0.866162,0.60,3.28,2,32
21590,0.244625,0.867236,0.60,3.27,2,32
21600,0.245234,0.865771,0.60,3.38,2,32
21610,0.246227,0.867078,0.60,3.29,2,32
21620,0.243796,0.866541,0.60,3.27,2,32
21630,0.244826,0.868091,0.60,3.28,2,32
21640,0.254483,0.859302,0.60,3.29,2,32
21650,0.253543,0.857935,0.60,3.38,2,32
21660,0.254218,0.859314,0.60,3.29,2,32
21670,0.256205,0.857141,0.60,3.28,2,32
21680,0.255438,0.858044,0.60,3.28,2,32
21690,0.254334,0.858301,0.60,3.27,2,32
21700,0.247933,0.862695,0.60,3.38,2,32
21710,0.244237,0.866565,0.60,3.27,2,32
21720,0.243779,0.866882,0.60,3.28,2,32
21730,0.244644,0.867188,0.60,3.27,2,32
21740,0.246512,0.865735,0.60,3.29,2,32
21750,0.244248,0.866089,0.60,3.39,2,32
21760,0.245646,0.866345,0.60,2.51,2,32
21770,0.257026,0.857349,0.60,3.27,2,32
21780,0.253547,0.859106,0.60,3.28,2,32
21790,0.255774,0.858264,0.60,3.28,2,32
21800,0.255976,0.857495,0.60,3.37,2,32
21810,0.272607,0.853601,0.60,3.28,2,32
21820,0.275529,0.852625,0.60,3.29,2,32
21830,0.252868,0.860718,0.60,3.28,2,32
21840,0.243882,0.864954,0.60,3.28,2,32
21850,0.243533,0.865369,0.60,3.39,2,32
21860,0.240943,0.863745,0.60,3.29,2,32
21870,0.239124,0.868872,0.60,3.29,2,32
21880,0.242492,0.866077,0.60,3.29,2,32
21890,0.248554,0.862830,0.60,3.30,2,32
21900,0.257589,0.858252,0.60,3.40,2,32
21910,0.256865,0.856970,0.60,3.29,2,32
21920,0.255427,0.857324,0.60,3.28,2,32
21930,0.252799,0.858020,0.60,3.27,2,32
21940,0.257538,0.857031,0.60,3.28,2,32
21950,0.252560,0.859729,0.60,3.38,2,32
21960,0.244406,0.863574,0.60,3.28,2,32
21970,0.237782,0.867114,0.60,3.29,2,32
21980,0.239852,0.865381,0.60,3.27,2,32
21990,0.240318,0.866321,0.60,3.28,2,32
22000,0.237064,0.868140,0.60,3.39,2,32
22010,0.238662,0.866699,0.60,3.30,2,32
22020,0.240138,0.864575,0.60,3.31,2,32
22030,0.246569,0.860706,0.60,3.31,2,32
22040,0.241480,0.863660,0.60,3.39,2,32
22050,0.243869,0.863977,0.60,3.39,2,32
22060,0.277527,0.849170,0.60,3.27,2,32
22070,0.251010,0.858960,0.60,3.27,2,32
22080,0.253357,0.858972,0.60,2.52,2,32
22090,0.236453,0.868384,0.60,3.28,2,32
22100,0.237816,0.867297,0.60,3.38,2,32
22110,0.237237,0.868018,0.60,3.28,2,32
22120,0.236161,0.868018,0.60,3.28,2,32
22130,0.237022,0.865857,0.60,3.29,2,32
22140,0.237118,0.867810,0.60,3.28,2,32
22150,0.241786,0.863489,0.60,3.40,2,32
22160,0.245853,0.860876,0.60,3.28,2,32
22170,0.243353,0.861963,0.60,3.28,2,32
22180,0.243486,0.862341,0.60,3.28,2,32
22190,0.244313,0.861438,0.60,3.38,2,32
22200,0.243084,0.861719,0.60,3.39,2,32
22210,0.241804,0.861401,0.60,3.30,2,32
22220,0.236240,0.867700,0.60,3.28,2,32
22230,0.236265,0.867395,0.60,3.28,2,32
22240,0.234742,0.867920,0.60,3.28,2,32
22250,0.234204,0.869006,0.60,3.38,2,32
22260,0.235590,0.868091,0.60,3.29,2,32
22270,0.232051,0.870435,0.60,3.28,2,32
22280,0.241162,0.864258,0.60,3.30,2,32
22290,0.242952,0.862231,0.60,3.29,2,32
22300,0.240474,0.861292,0.60,3.38,2,32
22310,0.244715,0.859619,0.60,3.29,2,32
22320,0.242855,0.862427,0.60,3.28,2,32
22330,0.241660,0.861670,0.60,3.29,2,32
22340,0.237587,0.864648,0.60,3.36,2,32
22350,0.230330,0.870361,0.60,3.37,2,32
22360,0.231023,0.868542,0.60,3.28,2,32
22370,0.232871,0.868311,0.60,3.27,2,32
22380,0.231128,0.869092,0.60,3.28,2,32
22390,0.231731,0.867896,0.60,3.27,2,32
22400,0.202457,0.783057,0.80,2.68,0,8
22410,0.227825,0.866943,0.80,4.01,0,8
22420,0.226604,0.869043,0.80,4.01,0,8
22430,0.230465,0.866553,0.80,3.98,0,8
22440,0.229835,0.862695,0.80,4.09,0,8
22450,0.221484,0.871484,0.80,4.08,0,8
22460,0.232663,0.864404,0.80,4.09,0,8
22470,0.226767,0.870068,0.80,3.78,0,8
22480,0.223891,0.870508,0.80,3.76,0,8
22490,0.225201,0.871484,0.80,3.76,0,8
22500,0.227662,0.870264,0.80,3.87,0,8
22510,0.223794,0.871240,0.80,3.76,0,8
22520,0.227633,0.871045,0.80,3.77,0,8
